[ 2013-12-14T13:34:33+08:00 ] /skybroad/index.php/Admin/Index/index.html | SQL: SHOW COLUMNS FROM `m_modelconfig` [ RunTime:0.001438s ]
[ 2013-12-14T13:34:33+08:00 ] /skybroad/index.php/Admin/Index/index.html | SQL: SELECT * FROM `m_modelconfig` WHERE is_sel=1 ORDER BY id asc [ RunTime:0.000355s ]
[ 2013-12-14T13:34:33+08:00 ] /skybroad/index.php/Admin/Index/index.html | NOTIC: [8] Undefined index:  lang cbf9e7b8bf66a95a7a86d8ee0c98b98a.php 第 45 行.
[ 2013-12-14T13:34:33+08:00 ] /skybroad/index.php/Admin/Index/index.html | NOTIC: [8] Undefined variable: langList cbf9e7b8bf66a95a7a86d8ee0c98b98a.php 第 138 行.
[ 2013-12-14T13:34:33+08:00 ] /skybroad/index.php/Admin/Index/index.html | NOTIC: [8] Undefined variable: default_group cbf9e7b8bf66a95a7a86d8ee0c98b98a.php 第 155 行.
[ 2013-12-14T13:34:33+08:00 ] /skybroad/index.php/Admin/Index/main | SQL: SHOW COLUMNS FROM `m_news` [ RunTime:0.001618s ]
[ 2013-12-14T13:34:33+08:00 ] /skybroad/index.php/Admin/Index/main | SQL: SHOW COLUMNS FROM `m_goods` [ RunTime:0.001412s ]
[ 2013-12-14T13:34:33+08:00 ] /skybroad/index.php/Admin/Index/main | SQL: SHOW COLUMNS FROM `m_guestbook` [ RunTime:0.001342s ]
[ 2013-12-14T13:34:33+08:00 ] /skybroad/index.php/Admin/Index/main | SQL: SHOW COLUMNS FROM `m_advert` [ RunTime:0.001394s ]
[ 2013-12-14T13:34:33+08:00 ] /skybroad/index.php/Admin/Index/main | SQL: SHOW COLUMNS FROM `m_link` [ RunTime:0.001231s ]
[ 2013-12-14T13:34:33+08:00 ] /skybroad/index.php/Admin/Index/main | SQL: SHOW COLUMNS FROM `m_download` [ RunTime:0.001320s ]
[ 2013-12-14T13:34:33+08:00 ] /skybroad/index.php/Admin/Index/main | SQL: SHOW COLUMNS FROM `m_job` [ RunTime:0.001361s ]
[ 2013-12-14T13:34:33+08:00 ] /skybroad/index.php/Admin/Index/main | SQL: SHOW COLUMNS FROM `m_job_resume` [ RunTime:0.001211s ]
[ 2013-12-14T13:34:33+08:00 ] /skybroad/index.php/Admin/Index/main | SQL: SHOW COLUMNS FROM `m_member` [ RunTime:0.001268s ]
[ 2013-12-14T13:34:33+08:00 ] /skybroad/index.php/Admin/Index/main | SQL: SHOW COLUMNS FROM `m_custom` [ RunTime:0.001090s ]
[ 2013-12-14T13:34:33+08:00 ] /skybroad/index.php/Admin/Index/main | SQL: SELECT COUNT(*) AS tp_count FROM `m_news` LIMIT 1  [ RunTime:0.000182s ]
[ 2013-12-14T13:34:33+08:00 ] /skybroad/index.php/Admin/Index/main | SQL: SELECT COUNT(*) AS tp_count FROM `m_goods` LIMIT 1  [ RunTime:0.000154s ]
[ 2013-12-14T13:34:33+08:00 ] /skybroad/index.php/Admin/Index/main | SQL: SELECT COUNT(*) AS tp_count FROM `m_guestbook` LIMIT 1  [ RunTime:0.000167s ]
[ 2013-12-14T13:34:33+08:00 ] /skybroad/index.php/Admin/Index/main | SQL: SELECT COUNT(*) AS tp_count FROM `m_guestbook` WHERE ( `read` = 0 ) LIMIT 1  [ RunTime:0.000180s ]
[ 2013-12-14T13:34:33+08:00 ] /skybroad/index.php/Admin/Index/main | SQL: SELECT COUNT(*) AS tp_count FROM `m_advert` LIMIT 1  [ RunTime:0.000146s ]
[ 2013-12-14T13:34:33+08:00 ] /skybroad/index.php/Admin/Index/main | SQL: SELECT COUNT(*) AS tp_count FROM `m_link` LIMIT 1  [ RunTime:0.000146s ]
[ 2013-12-14T13:34:33+08:00 ] /skybroad/index.php/Admin/Index/main | SQL: SELECT COUNT(*) AS tp_count FROM `m_download` LIMIT 1  [ RunTime:0.000147s ]
[ 2013-12-14T13:34:33+08:00 ] /skybroad/index.php/Admin/Index/main | SQL: SELECT COUNT(*) AS tp_count FROM `m_job` LIMIT 1  [ RunTime:0.000142s ]
[ 2013-12-14T13:34:33+08:00 ] /skybroad/index.php/Admin/Index/main | SQL: SELECT COUNT(*) AS tp_count FROM `m_job_resume` LIMIT 1  [ RunTime:0.000141s ]
[ 2013-12-14T13:34:33+08:00 ] /skybroad/index.php/Admin/Index/main | SQL: SELECT COUNT(*) AS tp_count FROM `m_member` LIMIT 1  [ RunTime:0.000140s ]
[ 2013-12-14T13:34:33+08:00 ] /skybroad/index.php/Admin/Index/main | SQL: SELECT COUNT(*) AS tp_count FROM `m_member` WHERE (FROM_UNIXTIME(create_time,'%Y-%m-%d')='2013-12-14') LIMIT 1  [ RunTime:0.000170s ]
[ 2013-12-14T13:34:33+08:00 ] /skybroad/index.php/Admin/Index/main | SQL: SELECT * FROM `m_custom` WHERE ( `id` = 1 ) LIMIT 1  [ RunTime:0.000213s ]
[ 2013-12-14T13:34:33+08:00 ] /skybroad/index.php/Admin/Index/main | SQL: SHOW COLUMNS FROM `m_modelconfig` [ RunTime:0.000839s ]
[ 2013-12-14T13:34:33+08:00 ] /skybroad/index.php/Admin/Index/main | SQL: SELECT * FROM `m_modelconfig` WHERE is_sel=1 ORDER BY id asc [ RunTime:0.000293s ]
[ 2013-12-14T13:34:33+08:00 ] /skybroad/index.php/Admin/System/getSpaceSize | NOTIC: [8] Undefined index:  mid SystemAction.class.php 第 12 行.
[ 2013-12-14T13:34:33+08:00 ] /skybroad/index.php/Admin/System/getSpaceSize | SQL: SHOW COLUMNS FROM `m_system` [ RunTime:0.001753s ]
[ 2013-12-14T13:34:33+08:00 ] /skybroad/index.php/Admin/System/getSpaceSize | SQL: SELECT * FROM `m_system` LIMIT 1  [ RunTime:0.000269s ]
[ 2013-12-14T13:34:33+08:00 ] /skybroad/index.php/Admin/System/getSpaceSize | NOTIC: [8] Use of undefined constant SCRIPT_FILENAME - assumed 'SCRIPT_FILENAME' SystemAction.class.php 第 64 行.
[ 2013-12-14T13:34:33+08:00 ] /skybroad/index.php/Admin/System/getSpaceSize | NOTIC: [8] Undefined variable: sizeResult SystemAction.class.php 第 75 行.
[ 2013-12-14T13:34:33+08:00 ] /skybroad/index.php/Admin/System/getSpaceSize | NOTIC: [8] Undefined variable: sizeResult SystemAction.class.php 第 75 行.
[ 2013-12-14T13:34:33+08:00 ] /skybroad/index.php/Admin/System/getSpaceSize | NOTIC: [8] Undefined variable: sizeResult SystemAction.class.php 第 73 行.
[ 2013-12-14T13:34:33+08:00 ] /skybroad/index.php/Admin/System/getSpaceSize | NOTIC: [8] Undefined variable: sizeResult SystemAction.class.php 第 75 行.
[ 2013-12-14T13:34:33+08:00 ] /skybroad/index.php/Admin/System/getSpaceSize | NOTIC: [8] Undefined variable: sizeResult SystemAction.class.php 第 80 行.
[ 2013-12-14T13:34:33+08:00 ] /skybroad/index.php/Admin/System/getSpaceSize | NOTIC: [8] Undefined variable: sizeResult SystemAction.class.php 第 73 行.
[ 2013-12-14T13:34:33+08:00 ] /skybroad/index.php/Admin/System/getSpaceSize | NOTIC: [8] Undefined variable: sizeResult SystemAction.class.php 第 75 行.
[ 2013-12-14T13:34:33+08:00 ] /skybroad/index.php/Admin/System/getSpaceSize | NOTIC: [8] Undefined variable: sizeResult SystemAction.class.php 第 75 行.
[ 2013-12-14T13:34:33+08:00 ] /skybroad/index.php/Admin/System/getSpaceSize | NOTIC: [8] Undefined variable: sizeResult SystemAction.class.php 第 75 行.
[ 2013-12-14T13:34:33+08:00 ] /skybroad/index.php/Admin/System/getSpaceSize | NOTIC: [8] Undefined variable: sizeResult SystemAction.class.php 第 73 行.
[ 2013-12-14T13:34:33+08:00 ] /skybroad/index.php/Admin/System/getSpaceSize | NOTIC: [8] Undefined variable: sizeResult SystemAction.class.php 第 75 行.
[ 2013-12-14T13:34:33+08:00 ] /skybroad/index.php/Admin/System/getSpaceSize | NOTIC: [8] Undefined variable: sizeResult SystemAction.class.php 第 75 行.
[ 2013-12-14T13:34:33+08:00 ] /skybroad/index.php/Admin/System/getSpaceSize | NOTIC: [8] Undefined variable: sizeResult SystemAction.class.php 第 75 行.
[ 2013-12-14T13:34:33+08:00 ] /skybroad/index.php/Admin/System/getSpaceSize | NOTIC: [8] Undefined variable: sizeResult SystemAction.class.php 第 73 行.
[ 2013-12-14T13:34:33+08:00 ] /skybroad/index.php/Admin/System/getSpaceSize | NOTIC: [8] Undefined variable: sizeResult SystemAction.class.php 第 75 行.
[ 2013-12-14T13:34:33+08:00 ] /skybroad/index.php/Admin/System/getSpaceSize | NOTIC: [8] Undefined variable: sizeResult SystemAction.class.php 第 75 行.
[ 2013-12-14T13:34:33+08:00 ] /skybroad/index.php/Admin/System/getSpaceSize | NOTIC: [8] Undefined variable: sizeResult SystemAction.class.php 第 73 行.
[ 2013-12-14T13:34:33+08:00 ] /skybroad/index.php/Admin/System/getSpaceSize | NOTIC: [8] Undefined variable: sizeResult SystemAction.class.php 第 80 行.
[ 2013-12-14T13:34:33+08:00 ] /skybroad/index.php/Admin/System/getSpaceSize | NOTIC: [8] Undefined variable: sizeResult SystemAction.class.php 第 75 行.
[ 2013-12-14T13:34:33+08:00 ] /skybroad/index.php/Admin/System/getSpaceSize | NOTIC: [8] Undefined variable: sizeResult SystemAction.class.php 第 73 行.
[ 2013-12-14T13:34:33+08:00 ] /skybroad/index.php/Admin/System/getSpaceSize | NOTIC: [8] Undefined variable: sizeResult SystemAction.class.php 第 75 行.
[ 2013-12-14T13:34:33+08:00 ] /skybroad/index.php/Admin/System/getSpaceSize | NOTIC: [8] Undefined variable: sizeResult SystemAction.class.php 第 75 行.
[ 2013-12-14T13:34:33+08:00 ] /skybroad/index.php/Admin/System/getSpaceSize | NOTIC: [8] Undefined variable: sizeResult SystemAction.class.php 第 73 行.
[ 2013-12-14T13:34:33+08:00 ] /skybroad/index.php/Admin/System/getSpaceSize | NOTIC: [8] Undefined variable: sizeResult SystemAction.class.php 第 75 行.
[ 2013-12-14T13:34:33+08:00 ] /skybroad/index.php/Admin/System/getSpaceSize | NOTIC: [8] Undefined variable: sizeResult SystemAction.class.php 第 75 行.
[ 2013-12-14T13:34:33+08:00 ] /skybroad/index.php/Admin/System/getSpaceSize | NOTIC: [8] Undefined variable: sizeResult SystemAction.class.php 第 75 行.
[ 2013-12-14T13:34:33+08:00 ] /skybroad/index.php/Admin/System/getSpaceSize | NOTIC: [8] Undefined variable: sizeResult SystemAction.class.php 第 73 行.
[ 2013-12-14T13:34:33+08:00 ] /skybroad/index.php/Admin/System/getSpaceSize | NOTIC: [8] Undefined variable: sizeResult SystemAction.class.php 第 73 行.
[ 2013-12-14T13:34:33+08:00 ] /skybroad/index.php/Admin/System/getSpaceSize | NOTIC: [8] Undefined variable: sizeResult SystemAction.class.php 第 80 行.
[ 2013-12-14T13:34:33+08:00 ] /skybroad/index.php/Admin/System/getSpaceSize | NOTIC: [8] Undefined variable: sizeResult SystemAction.class.php 第 75 行.
[ 2013-12-14T13:34:33+08:00 ] /skybroad/index.php/Admin/System/getSpaceSize | NOTIC: [8] Undefined variable: sizeResult SystemAction.class.php 第 80 行.
[ 2013-12-14T13:34:33+08:00 ] /skybroad/index.php/Admin/System/getSpaceSize | NOTIC: [8] Undefined variable: sizeResult SystemAction.class.php 第 75 行.
[ 2013-12-14T13:34:33+08:00 ] /skybroad/index.php/Admin/System/getSpaceSize | NOTIC: [8] Undefined variable: sizeResult SystemAction.class.php 第 73 行.
[ 2013-12-14T13:34:33+08:00 ] /skybroad/index.php/Admin/System/getSpaceSize | NOTIC: [8] Undefined variable: sizeResult SystemAction.class.php 第 75 行.
[ 2013-12-14T13:34:33+08:00 ] /skybroad/index.php/Admin/System/getSpaceSize | NOTIC: [8] Undefined variable: sizeResult SystemAction.class.php 第 75 行.
[ 2013-12-14T13:34:33+08:00 ] /skybroad/index.php/Admin/System/getSpaceSize | NOTIC: [8] Undefined variable: sizeResult SystemAction.class.php 第 75 行.
[ 2013-12-14T13:34:33+08:00 ] /skybroad/index.php/Admin/System/getSpaceSize | NOTIC: [8] Undefined variable: sizeResult SystemAction.class.php 第 75 行.
[ 2013-12-14T13:34:33+08:00 ] /skybroad/index.php/Admin/System/getSpaceSize | NOTIC: [8] Undefined variable: sizeResult SystemAction.class.php 第 75 行.
[ 2013-12-14T13:34:33+08:00 ] /skybroad/index.php/Admin/System/getSpaceSize | NOTIC: [8] Undefined variable: sizeResult SystemAction.class.php 第 75 行.
[ 2013-12-14T13:34:33+08:00 ] /skybroad/index.php/Admin/System/getSpaceSize | NOTIC: [8] Undefined variable: sizeResult SystemAction.class.php 第 75 行.
[ 2013-12-14T13:34:33+08:00 ] /skybroad/index.php/Admin/System/getSpaceSize | NOTIC: [8] Undefined variable: sizeResult SystemAction.class.php 第 75 行.
[ 2013-12-14T13:34:33+08:00 ] /skybroad/index.php/Admin/System/getSpaceSize | NOTIC: [8] Undefined variable: sizeResult SystemAction.class.php 第 75 行.
[ 2013-12-14T13:34:33+08:00 ] /skybroad/index.php/Admin/System/getSpaceSize | NOTIC: [8] Undefined variable: sizeResult SystemAction.class.php 第 75 行.
[ 2013-12-14T13:34:33+08:00 ] /skybroad/index.php/Admin/System/getSpaceSize | NOTIC: [8] Undefined variable: sizeResult SystemAction.class.php 第 75 行.
[ 2013-12-14T13:34:33+08:00 ] /skybroad/index.php/Admin/System/getSpaceSize | NOTIC: [8] Undefined variable: sizeResult SystemAction.class.php 第 75 行.
[ 2013-12-14T13:34:33+08:00 ] /skybroad/index.php/Admin/System/getSpaceSize | NOTIC: [8] Undefined variable: sizeResult SystemAction.class.php 第 75 行.
[ 2013-12-14T13:34:34+08:00 ] /skybroad/index.php/Admin/System/getSpaceSize | NOTIC: [8] Undefined variable: sizeResult SystemAction.class.php 第 75 行.
[ 2013-12-14T13:34:34+08:00 ] /skybroad/index.php/Admin/System/getSpaceSize | NOTIC: [8] Undefined variable: sizeResult SystemAction.class.php 第 75 行.
[ 2013-12-14T13:34:34+08:00 ] /skybroad/index.php/Admin/System/getSpaceSize | NOTIC: [8] Undefined variable: sizeResult SystemAction.class.php 第 75 行.
[ 2013-12-14T13:34:34+08:00 ] /skybroad/index.php/Admin/System/getSpaceSize | NOTIC: [8] Undefined variable: sizeResult SystemAction.class.php 第 75 行.
[ 2013-12-14T13:34:34+08:00 ] /skybroad/index.php/Admin/System/getSpaceSize | NOTIC: [8] Undefined variable: sizeResult SystemAction.class.php 第 75 行.
[ 2013-12-14T13:34:34+08:00 ] /skybroad/index.php/Admin/System/getSpaceSize | NOTIC: [8] Undefined variable: sizeResult SystemAction.class.php 第 75 行.
[ 2013-12-14T13:34:34+08:00 ] /skybroad/index.php/Admin/System/getSpaceSize | NOTIC: [8] Undefined variable: sizeResult SystemAction.class.php 第 75 行.
[ 2013-12-14T13:34:34+08:00 ] /skybroad/index.php/Admin/System/getSpaceSize | NOTIC: [8] Undefined variable: sizeResult SystemAction.class.php 第 73 行.
[ 2013-12-14T13:34:34+08:00 ] /skybroad/index.php/Admin/System/getSpaceSize | NOTIC: [8] Undefined variable: sizeResult SystemAction.class.php 第 75 行.
[ 2013-12-14T13:34:34+08:00 ] /skybroad/index.php/Admin/System/getSpaceSize | NOTIC: [8] Undefined variable: sizeResult SystemAction.class.php 第 75 行.
[ 2013-12-14T13:34:34+08:00 ] /skybroad/index.php/Admin/System/getSpaceSize | NOTIC: [8] Undefined variable: sizeResult SystemAction.class.php 第 75 行.
[ 2013-12-14T13:34:34+08:00 ] /skybroad/index.php/Admin/System/getSpaceSize | NOTIC: [8] Undefined variable: sizeResult SystemAction.class.php 第 75 行.
[ 2013-12-14T13:34:34+08:00 ] /skybroad/index.php/Admin/System/getSpaceSize | NOTIC: [8] Undefined variable: sizeResult SystemAction.class.php 第 75 行.
[ 2013-12-14T13:34:34+08:00 ] /skybroad/index.php/Admin/System/getSpaceSize | NOTIC: [8] Undefined variable: sizeResult SystemAction.class.php 第 75 行.
[ 2013-12-14T13:34:34+08:00 ] /skybroad/index.php/Admin/System/getSpaceSize | NOTIC: [8] Undefined variable: sizeResult SystemAction.class.php 第 73 行.
[ 2013-12-14T13:34:34+08:00 ] /skybroad/index.php/Admin/System/getSpaceSize | NOTIC: [8] Undefined variable: sizeResult SystemAction.class.php 第 75 行.
[ 2013-12-14T13:34:34+08:00 ] /skybroad/index.php/Admin/System/getSpaceSize | NOTIC: [8] Undefined variable: sizeResult SystemAction.class.php 第 75 行.
[ 2013-12-14T13:34:34+08:00 ] /skybroad/index.php/Admin/System/getSpaceSize | NOTIC: [8] Undefined variable: sizeResult SystemAction.class.php 第 73 行.
[ 2013-12-14T13:34:34+08:00 ] /skybroad/index.php/Admin/System/getSpaceSize | NOTIC: [8] Undefined variable: sizeResult SystemAction.class.php 第 75 行.
[ 2013-12-14T13:34:34+08:00 ] /skybroad/index.php/Admin/System/getSpaceSize | NOTIC: [8] Undefined variable: sizeResult SystemAction.class.php 第 75 行.
[ 2013-12-14T13:34:34+08:00 ] /skybroad/index.php/Admin/System/getSpaceSize | NOTIC: [8] Undefined variable: sizeResult SystemAction.class.php 第 75 行.
[ 2013-12-14T13:34:34+08:00 ] /skybroad/index.php/Admin/System/getSpaceSize | NOTIC: [8] Undefined variable: sizeResult SystemAction.class.php 第 73 行.
[ 2013-12-14T13:34:34+08:00 ] /skybroad/index.php/Admin/System/getSpaceSize | NOTIC: [8] Undefined variable: sizeResult SystemAction.class.php 第 75 行.
[ 2013-12-14T13:34:34+08:00 ] /skybroad/index.php/Admin/System/getSpaceSize | NOTIC: [8] Undefined variable: sizeResult SystemAction.class.php 第 75 行.
[ 2013-12-14T13:34:34+08:00 ] /skybroad/index.php/Admin/System/getSpaceSize | NOTIC: [8] Undefined variable: sizeResult SystemAction.class.php 第 73 行.
[ 2013-12-14T13:34:34+08:00 ] /skybroad/index.php/Admin/System/getSpaceSize | NOTIC: [8] Undefined variable: sizeResult SystemAction.class.php 第 73 行.
[ 2013-12-14T13:34:34+08:00 ] /skybroad/index.php/Admin/System/getSpaceSize | NOTIC: [8] Undefined variable: sizeResult SystemAction.class.php 第 75 行.
[ 2013-12-14T13:34:34+08:00 ] /skybroad/index.php/Admin/System/getSpaceSize | NOTIC: [8] Undefined variable: sizeResult SystemAction.class.php 第 73 行.
[ 2013-12-14T13:34:34+08:00 ] /skybroad/index.php/Admin/System/getSpaceSize | NOTIC: [8] Undefined variable: sizeResult SystemAction.class.php 第 73 行.
[ 2013-12-14T13:34:34+08:00 ] /skybroad/index.php/Admin/System/getSpaceSize | NOTIC: [8] Undefined variable: sizeResult SystemAction.class.php 第 80 行.
[ 2013-12-14T13:34:34+08:00 ] /skybroad/index.php/Admin/System/getSpaceSize | NOTIC: [8] Undefined variable: sizeResult SystemAction.class.php 第 75 行.
[ 2013-12-14T13:34:34+08:00 ] /skybroad/index.php/Admin/System/getSpaceSize | NOTIC: [8] Undefined variable: sizeResult SystemAction.class.php 第 75 行.
[ 2013-12-14T13:34:34+08:00 ] /skybroad/index.php/Admin/System/getSpaceSize | NOTIC: [8] Undefined variable: sizeResult SystemAction.class.php 第 75 行.
[ 2013-12-14T13:34:34+08:00 ] /skybroad/index.php/Admin/System/getSpaceSize | NOTIC: [8] Undefined variable: sizeResult SystemAction.class.php 第 75 行.
[ 2013-12-14T13:34:34+08:00 ] /skybroad/index.php/Admin/System/getSpaceSize | NOTIC: [8] Undefined variable: sizeResult SystemAction.class.php 第 75 行.
[ 2013-12-14T13:34:34+08:00 ] /skybroad/index.php/Admin/System/getSpaceSize | NOTIC: [8] Undefined variable: sizeResult SystemAction.class.php 第 73 行.
[ 2013-12-14T13:34:34+08:00 ] /skybroad/index.php/Admin/System/getSpaceSize | NOTIC: [8] Undefined variable: sizeResult SystemAction.class.php 第 75 行.
[ 2013-12-14T13:34:34+08:00 ] /skybroad/index.php/Admin/System/getSpaceSize | NOTIC: [8] Undefined variable: sizeResult SystemAction.class.php 第 73 行.
[ 2013-12-14T13:34:34+08:00 ] /skybroad/index.php/Admin/System/getSpaceSize | NOTIC: [8] Undefined variable: sizeResult SystemAction.class.php 第 75 行.
[ 2013-12-14T13:34:34+08:00 ] /skybroad/index.php/Admin/System/getSpaceSize | NOTIC: [8] Undefined variable: sizeResult SystemAction.class.php 第 75 行.
[ 2013-12-14T13:34:34+08:00 ] /skybroad/index.php/Admin/System/getSpaceSize | NOTIC: [8] Undefined variable: sizeResult SystemAction.class.php 第 75 行.
[ 2013-12-14T13:34:34+08:00 ] /skybroad/index.php/Admin/System/getSpaceSize | NOTIC: [8] Undefined variable: sizeResult SystemAction.class.php 第 75 行.
[ 2013-12-14T13:34:34+08:00 ] /skybroad/index.php/Admin/System/getSpaceSize | NOTIC: [8] Undefined variable: sizeResult SystemAction.class.php 第 75 行.
[ 2013-12-14T13:34:34+08:00 ] /skybroad/index.php/Admin/System/getSpaceSize | NOTIC: [8] Undefined variable: sizeResult SystemAction.class.php 第 75 行.
[ 2013-12-14T13:34:34+08:00 ] /skybroad/index.php/Admin/System/getSpaceSize | NOTIC: [8] Undefined variable: sizeResult SystemAction.class.php 第 75 行.
[ 2013-12-14T13:34:34+08:00 ] /skybroad/index.php/Admin/System/getSpaceSize | NOTIC: [8] Undefined variable: sizeResult SystemAction.class.php 第 75 行.
[ 2013-12-14T13:34:34+08:00 ] /skybroad/index.php/Admin/System/getSpaceSize | NOTIC: [8] Undefined variable: sizeResult SystemAction.class.php 第 75 行.
[ 2013-12-14T13:34:34+08:00 ] /skybroad/index.php/Admin/System/getSpaceSize | NOTIC: [8] Undefined variable: sizeResult SystemAction.class.php 第 75 行.
[ 2013-12-14T13:34:34+08:00 ] /skybroad/index.php/Admin/System/getSpaceSize | NOTIC: [8] Undefined variable: sizeResult SystemAction.class.php 第 75 行.
[ 2013-12-14T13:34:34+08:00 ] /skybroad/index.php/Admin/System/getSpaceSize | NOTIC: [8] Undefined variable: sizeResult SystemAction.class.php 第 73 行.
[ 2013-12-14T13:34:34+08:00 ] /skybroad/index.php/Admin/System/getSpaceSize | NOTIC: [8] Undefined variable: sizeResult SystemAction.class.php 第 75 行.
[ 2013-12-14T13:34:34+08:00 ] /skybroad/index.php/Admin/System/getSpaceSize | NOTIC: [8] Undefined variable: sizeResult SystemAction.class.php 第 75 行.
[ 2013-12-14T13:34:34+08:00 ] /skybroad/index.php/Admin/System/getSpaceSize | NOTIC: [8] Undefined variable: sizeResult SystemAction.class.php 第 80 行.
[ 2013-12-14T13:34:34+08:00 ] /skybroad/index.php/Admin/System/getSpaceSize | NOTIC: [8] Undefined variable: sizeResult SystemAction.class.php 第 75 行.
[ 2013-12-14T13:34:34+08:00 ] /skybroad/index.php/Admin/System/getSpaceSize | NOTIC: [8] Undefined variable: sizeResult SystemAction.class.php 第 75 行.
[ 2013-12-14T13:34:34+08:00 ] /skybroad/index.php/Admin/System/getSpaceSize | NOTIC: [8] Undefined variable: sizeResult SystemAction.class.php 第 75 行.
[ 2013-12-14T13:34:34+08:00 ] /skybroad/index.php/Admin/System/getSpaceSize | NOTIC: [8] Undefined variable: sizeResult SystemAction.class.php 第 75 行.
[ 2013-12-14T13:34:34+08:00 ] /skybroad/index.php/Admin/System/getSpaceSize | NOTIC: [8] Undefined variable: sizeResult SystemAction.class.php 第 73 行.
[ 2013-12-14T13:34:34+08:00 ] /skybroad/index.php/Admin/System/getSpaceSize | NOTIC: [8] Undefined variable: sizeResult SystemAction.class.php 第 75 行.
[ 2013-12-14T13:34:34+08:00 ] /skybroad/index.php/Admin/System/getSpaceSize | NOTIC: [8] Undefined variable: sizeResult SystemAction.class.php 第 75 行.
[ 2013-12-14T13:34:34+08:00 ] /skybroad/index.php/Admin/System/getSpaceSize | NOTIC: [8] Undefined variable: sizeResult SystemAction.class.php 第 75 行.
[ 2013-12-14T13:34:34+08:00 ] /skybroad/index.php/Admin/System/getSpaceSize | NOTIC: [8] Undefined variable: sizeResult SystemAction.class.php 第 73 行.
[ 2013-12-14T13:34:34+08:00 ] /skybroad/index.php/Admin/System/getSpaceSize | NOTIC: [8] Undefined variable: sizeResult SystemAction.class.php 第 75 行.
[ 2013-12-14T13:34:34+08:00 ] /skybroad/index.php/Admin/System/getSpaceSize | NOTIC: [8] Undefined variable: sizeResult SystemAction.class.php 第 75 行.
[ 2013-12-14T13:34:34+08:00 ] /skybroad/index.php/Admin/System/getSpaceSize | NOTIC: [8] Undefined variable: sizeResult SystemAction.class.php 第 75 行.
[ 2013-12-14T13:34:34+08:00 ] /skybroad/index.php/Admin/System/getSpaceSize | NOTIC: [8] Undefined variable: sizeResult SystemAction.class.php 第 75 行.
[ 2013-12-14T13:34:34+08:00 ] /skybroad/index.php/Admin/System/getSpaceSize | NOTIC: [8] Undefined variable: sizeResult SystemAction.class.php 第 75 行.
[ 2013-12-14T13:34:34+08:00 ] /skybroad/index.php/Admin/System/getSpaceSize | NOTIC: [8] Undefined variable: sizeResult SystemAction.class.php 第 75 行.
[ 2013-12-14T13:34:34+08:00 ] /skybroad/index.php/Admin/System/getSpaceSize | NOTIC: [8] Undefined variable: sizeResult SystemAction.class.php 第 75 行.
[ 2013-12-14T13:34:34+08:00 ] /skybroad/index.php/Admin/System/getSpaceSize | NOTIC: [8] Undefined variable: sizeResult SystemAction.class.php 第 75 行.
[ 2013-12-14T13:34:34+08:00 ] /skybroad/index.php/Admin/System/getSpaceSize | NOTIC: [8] Undefined variable: sizeResult SystemAction.class.php 第 73 行.
[ 2013-12-14T13:34:34+08:00 ] /skybroad/index.php/Admin/System/getSpaceSize | NOTIC: [8] Undefined variable: sizeResult SystemAction.class.php 第 75 行.
[ 2013-12-14T13:34:34+08:00 ] /skybroad/index.php/Admin/System/getSpaceSize | NOTIC: [8] Undefined variable: sizeResult SystemAction.class.php 第 75 行.
[ 2013-12-14T13:34:34+08:00 ] /skybroad/index.php/Admin/System/getSpaceSize | NOTIC: [8] Undefined variable: sizeResult SystemAction.class.php 第 73 行.
[ 2013-12-14T13:34:34+08:00 ] /skybroad/index.php/Admin/System/getSpaceSize | NOTIC: [8] Undefined variable: sizeResult SystemAction.class.php 第 75 行.
[ 2013-12-14T13:34:34+08:00 ] /skybroad/index.php/Admin/System/getSpaceSize | NOTIC: [8] Undefined variable: sizeResult SystemAction.class.php 第 73 行.
[ 2013-12-14T13:34:34+08:00 ] /skybroad/index.php/Admin/System/getSpaceSize | NOTIC: [8] Undefined variable: sizeResult SystemAction.class.php 第 75 行.
[ 2013-12-14T13:34:34+08:00 ] /skybroad/index.php/Admin/System/getSpaceSize | NOTIC: [8] Undefined variable: sizeResult SystemAction.class.php 第 73 行.
[ 2013-12-14T13:34:34+08:00 ] /skybroad/index.php/Admin/System/getSpaceSize | NOTIC: [8] Undefined variable: sizeResult SystemAction.class.php 第 75 行.
[ 2013-12-14T13:34:34+08:00 ] /skybroad/index.php/Admin/System/getSpaceSize | NOTIC: [8] Undefined variable: sizeResult SystemAction.class.php 第 75 行.
[ 2013-12-14T13:34:34+08:00 ] /skybroad/index.php/Admin/System/getSpaceSize | NOTIC: [8] Undefined variable: sizeResult SystemAction.class.php 第 73 行.
[ 2013-12-14T13:34:34+08:00 ] /skybroad/index.php/Admin/System/getSpaceSize | NOTIC: [8] Undefined variable: sizeResult SystemAction.class.php 第 75 行.
[ 2013-12-14T13:34:34+08:00 ] /skybroad/index.php/Admin/System/getSpaceSize | NOTIC: [8] Undefined variable: sizeResult SystemAction.class.php 第 75 行.
[ 2013-12-14T13:34:34+08:00 ] /skybroad/index.php/Admin/System/getSpaceSize | NOTIC: [8] Undefined variable: sizeResult SystemAction.class.php 第 75 行.
[ 2013-12-14T13:34:34+08:00 ] /skybroad/index.php/Admin/System/getSpaceSize | NOTIC: [8] Undefined variable: sizeResult SystemAction.class.php 第 75 行.
[ 2013-12-14T13:34:34+08:00 ] /skybroad/index.php/Admin/System/getSpaceSize | NOTIC: [8] Undefined variable: sizeResult SystemAction.class.php 第 73 行.
[ 2013-12-14T13:34:34+08:00 ] /skybroad/index.php/Admin/System/getSpaceSize | NOTIC: [8] Undefined variable: sizeResult SystemAction.class.php 第 75 行.
[ 2013-12-14T13:34:34+08:00 ] /skybroad/index.php/Admin/System/getSpaceSize | NOTIC: [8] Undefined variable: sizeResult SystemAction.class.php 第 75 行.
[ 2013-12-14T13:34:34+08:00 ] /skybroad/index.php/Admin/System/getSpaceSize | NOTIC: [8] Undefined variable: sizeResult SystemAction.class.php 第 73 行.
[ 2013-12-14T13:34:34+08:00 ] /skybroad/index.php/Admin/System/getSpaceSize | NOTIC: [8] Undefined variable: sizeResult SystemAction.class.php 第 75 行.
[ 2013-12-14T13:34:34+08:00 ] /skybroad/index.php/Admin/System/getSpaceSize | NOTIC: [8] Undefined variable: sizeResult SystemAction.class.php 第 75 行.
[ 2013-12-14T13:34:34+08:00 ] /skybroad/index.php/Admin/System/getSpaceSize | NOTIC: [8] Undefined variable: sizeResult SystemAction.class.php 第 75 行.
[ 2013-12-14T13:34:35+08:00 ] /skybroad/index.php/Admin/System/getSpaceSize | NOTIC: [8] Undefined variable: sizeResult SystemAction.class.php 第 75 行.
[ 2013-12-14T13:34:35+08:00 ] /skybroad/index.php/Admin/System/getSpaceSize | NOTIC: [8] Undefined variable: sizeResult SystemAction.class.php 第 73 行.
[ 2013-12-14T13:34:35+08:00 ] /skybroad/index.php/Admin/System/getSpaceSize | NOTIC: [8] Undefined variable: sizeResult SystemAction.class.php 第 75 行.
[ 2013-12-14T13:34:35+08:00 ] /skybroad/index.php/Admin/System/getSpaceSize | NOTIC: [8] Undefined variable: sizeResult SystemAction.class.php 第 75 行.
[ 2013-12-14T13:34:35+08:00 ] /skybroad/index.php/Admin/System/getSpaceSize | NOTIC: [8] Undefined variable: sizeResult SystemAction.class.php 第 75 行.
[ 2013-12-14T13:34:35+08:00 ] /skybroad/index.php/Admin/System/getSpaceSize | NOTIC: [8] Undefined variable: sizeResult SystemAction.class.php 第 75 行.
[ 2013-12-14T13:34:35+08:00 ] /skybroad/index.php/Admin/System/getSpaceSize | NOTIC: [8] Undefined variable: sizeResult SystemAction.class.php 第 73 行.
[ 2013-12-14T13:34:35+08:00 ] /skybroad/index.php/Admin/System/getSpaceSize | NOTIC: [8] Undefined variable: sizeResult SystemAction.class.php 第 75 行.
[ 2013-12-14T13:34:35+08:00 ] /skybroad/index.php/Admin/System/getSpaceSize | NOTIC: [8] Undefined variable: sizeResult SystemAction.class.php 第 75 行.
[ 2013-12-14T13:34:35+08:00 ] /skybroad/index.php/Admin/System/getSpaceSize | NOTIC: [8] Undefined variable: sizeResult SystemAction.class.php 第 75 行.
[ 2013-12-14T13:34:35+08:00 ] /skybroad/index.php/Admin/System/getSpaceSize | NOTIC: [8] Undefined variable: sizeResult SystemAction.class.php 第 75 行.
[ 2013-12-14T13:34:35+08:00 ] /skybroad/index.php/Admin/System/getSpaceSize | NOTIC: [8] Undefined variable: sizeResult SystemAction.class.php 第 75 行.
[ 2013-12-14T13:34:35+08:00 ] /skybroad/index.php/Admin/System/getSpaceSize | NOTIC: [8] Undefined variable: sizeResult SystemAction.class.php 第 75 行.
[ 2013-12-14T13:34:35+08:00 ] /skybroad/index.php/Admin/System/getSpaceSize | NOTIC: [8] Undefined variable: sizeResult SystemAction.class.php 第 73 行.
[ 2013-12-14T13:34:35+08:00 ] /skybroad/index.php/Admin/System/getSpaceSize | NOTIC: [8] Undefined variable: sizeResult SystemAction.class.php 第 73 行.
[ 2013-12-14T13:34:35+08:00 ] /skybroad/index.php/Admin/System/getSpaceSize | NOTIC: [8] Undefined variable: sizeResult SystemAction.class.php 第 75 行.
[ 2013-12-14T13:34:35+08:00 ] /skybroad/index.php/Admin/System/getSpaceSize | NOTIC: [8] Undefined variable: sizeResult SystemAction.class.php 第 75 行.
[ 2013-12-14T13:34:35+08:00 ] /skybroad/index.php/Admin/System/getSpaceSize | NOTIC: [8] Undefined variable: sizeResult SystemAction.class.php 第 73 行.
[ 2013-12-14T13:34:35+08:00 ] /skybroad/index.php/Admin/System/getSpaceSize | NOTIC: [8] Undefined variable: sizeResult SystemAction.class.php 第 80 行.
[ 2013-12-14T13:34:35+08:00 ] /skybroad/index.php/Admin/System/getSpaceSize | NOTIC: [8] Undefined variable: sizeResult SystemAction.class.php 第 75 行.
[ 2013-12-14T13:34:35+08:00 ] /skybroad/index.php/Admin/System/getSpaceSize | NOTIC: [8] Undefined variable: sizeResult SystemAction.class.php 第 73 行.
[ 2013-12-14T13:34:35+08:00 ] /skybroad/index.php/Admin/System/getSpaceSize | NOTIC: [8] Undefined variable: sizeResult SystemAction.class.php 第 75 行.
[ 2013-12-14T13:34:35+08:00 ] /skybroad/index.php/Admin/System/getSpaceSize | NOTIC: [8] Undefined variable: sizeResult SystemAction.class.php 第 75 行.
[ 2013-12-14T13:34:35+08:00 ] /skybroad/index.php/Admin/System/getSpaceSize | NOTIC: [8] Undefined variable: sizeResult SystemAction.class.php 第 80 行.
[ 2013-12-14T13:34:35+08:00 ] /skybroad/index.php/Admin/System/getSpaceSize | NOTIC: [8] Undefined variable: sizeResult SystemAction.class.php 第 80 行.
[ 2013-12-14T13:34:35+08:00 ] /skybroad/index.php/Admin/System/getSpaceSize | NOTIC: [8] Undefined variable: sizeResult SystemAction.class.php 第 80 行.
[ 2013-12-14T13:34:35+08:00 ] /skybroad/index.php/Admin/System/getSpaceSize | NOTIC: [8] Undefined variable: sizeResult SystemAction.class.php 第 75 行.
[ 2013-12-14T13:34:35+08:00 ] /skybroad/index.php/Admin/System/getSpaceSize | NOTIC: [8] Undefined variable: sizeResult SystemAction.class.php 第 80 行.
[ 2013-12-14T13:34:35+08:00 ] /skybroad/index.php/Admin/System/getSpaceSize | NOTIC: [8] Undefined variable: sizeResult SystemAction.class.php 第 73 行.
[ 2013-12-14T13:34:35+08:00 ] /skybroad/index.php/Admin/System/getSpaceSize | NOTIC: [8] Undefined variable: sizeResult SystemAction.class.php 第 73 行.
[ 2013-12-14T13:34:35+08:00 ] /skybroad/index.php/Admin/System/getSpaceSize | NOTIC: [8] Undefined variable: sizeResult SystemAction.class.php 第 73 行.
[ 2013-12-14T13:34:35+08:00 ] /skybroad/index.php/Admin/System/getSpaceSize | NOTIC: [8] Undefined variable: sizeResult SystemAction.class.php 第 75 行.
[ 2013-12-14T13:34:35+08:00 ] /skybroad/index.php/Admin/System/getSpaceSize | NOTIC: [8] Undefined variable: sizeResult SystemAction.class.php 第 75 行.
[ 2013-12-14T13:34:35+08:00 ] /skybroad/index.php/Admin/System/getSpaceSize | NOTIC: [8] Undefined variable: sizeResult SystemAction.class.php 第 73 行.
[ 2013-12-14T13:34:35+08:00 ] /skybroad/index.php/Admin/System/getSpaceSize | NOTIC: [8] Undefined variable: sizeResult SystemAction.class.php 第 75 行.
[ 2013-12-14T13:34:35+08:00 ] /skybroad/index.php/Admin/System/getSpaceSize | NOTIC: [8] Undefined variable: sizeResult SystemAction.class.php 第 75 行.
[ 2013-12-14T13:34:35+08:00 ] /skybroad/index.php/Admin/System/getSpaceSize | NOTIC: [8] Undefined variable: sizeResult SystemAction.class.php 第 75 行.
[ 2013-12-14T13:34:35+08:00 ] /skybroad/index.php/Admin/System/getSpaceSize | NOTIC: [8] Undefined variable: sizeResult SystemAction.class.php 第 75 行.
[ 2013-12-14T13:34:35+08:00 ] /skybroad/index.php/Admin/System/getSpaceSize | NOTIC: [8] Undefined variable: sizeResult SystemAction.class.php 第 75 行.
[ 2013-12-14T13:34:35+08:00 ] /skybroad/index.php/Admin/System/getSpaceSize | NOTIC: [8] Undefined variable: sizeResult SystemAction.class.php 第 75 行.
[ 2013-12-14T13:34:35+08:00 ] /skybroad/index.php/Admin/System/getSpaceSize | NOTIC: [8] Undefined variable: sizeResult SystemAction.class.php 第 73 行.
[ 2013-12-14T13:34:35+08:00 ] /skybroad/index.php/Admin/System/getSpaceSize | NOTIC: [8] Undefined variable: sizeResult SystemAction.class.php 第 75 行.
[ 2013-12-14T13:34:35+08:00 ] /skybroad/index.php/Admin/System/getSpaceSize | NOTIC: [8] Undefined variable: sizeResult SystemAction.class.php 第 75 行.
[ 2013-12-14T13:34:35+08:00 ] /skybroad/index.php/Admin/System/getSpaceSize | NOTIC: [8] Undefined variable: sizeResult SystemAction.class.php 第 73 行.
[ 2013-12-14T13:34:35+08:00 ] /skybroad/index.php/Admin/System/getSpaceSize | NOTIC: [8] Undefined variable: sizeResult SystemAction.class.php 第 75 行.
[ 2013-12-14T13:34:35+08:00 ] /skybroad/index.php/Admin/System/getSpaceSize | NOTIC: [8] Undefined variable: sizeResult SystemAction.class.php 第 73 行.
[ 2013-12-14T13:34:35+08:00 ] /skybroad/index.php/Admin/System/getSpaceSize | NOTIC: [8] Undefined variable: sizeResult SystemAction.class.php 第 80 行.
[ 2013-12-14T13:34:35+08:00 ] /skybroad/index.php/Admin/System/getSpaceSize | NOTIC: [8] Undefined variable: sizeResult SystemAction.class.php 第 75 行.
[ 2013-12-14T13:34:35+08:00 ] /skybroad/index.php/Admin/System/getSpaceSize | NOTIC: [8] Undefined variable: sizeResult SystemAction.class.php 第 75 行.
[ 2013-12-14T13:34:35+08:00 ] /skybroad/index.php/Admin/System/getSpaceSize | NOTIC: [8] Undefined variable: sizeResult SystemAction.class.php 第 75 行.
[ 2013-12-14T13:34:35+08:00 ] /skybroad/index.php/Admin/System/getSpaceSize | NOTIC: [8] Undefined variable: sizeResult SystemAction.class.php 第 75 行.
[ 2013-12-14T13:34:35+08:00 ] /skybroad/index.php/Admin/System/getSpaceSize | NOTIC: [8] Undefined variable: sizeResult SystemAction.class.php 第 73 行.
[ 2013-12-14T13:34:35+08:00 ] /skybroad/index.php/Admin/System/getSpaceSize | NOTIC: [8] Undefined variable: sizeResult SystemAction.class.php 第 75 行.
[ 2013-12-14T13:34:35+08:00 ] /skybroad/index.php/Admin/System/getSpaceSize | NOTIC: [8] Undefined variable: sizeResult SystemAction.class.php 第 73 行.
[ 2013-12-14T13:34:35+08:00 ] /skybroad/index.php/Admin/System/getSpaceSize | NOTIC: [8] Undefined variable: sizeResult SystemAction.class.php 第 75 行.
[ 2013-12-14T13:34:35+08:00 ] /skybroad/index.php/Admin/Guestbook/index/mid/10 | SQL: SHOW COLUMNS FROM `m_guestbook` [ RunTime:0.001273s ]
[ 2013-12-14T13:34:35+08:00 ] /skybroad/index.php/Admin/Guestbook/index/mid/10 | NOTIC: [8] Undefined index:  rowpage GuestbookAction.class.php 第 22 行.
[ 2013-12-14T13:34:35+08:00 ] /skybroad/index.php/Admin/Guestbook/index/mid/10 | SQL: SHOW COLUMNS FROM `m_categorys` [ RunTime:0.001139s ]
[ 2013-12-14T13:34:35+08:00 ] /skybroad/index.php/Admin/Guestbook/index/mid/10 | SQL: SELECT `id` FROM `m_categorys` WHERE ( `model_id` = '10' ) AND ( `fid` = 1 ) ORDER BY id asc LIMIT 1  [ RunTime:0.000298s ]
[ 2013-12-14T13:34:35+08:00 ] /skybroad/index.php/Admin/Guestbook/index/mid/10 | NOTIC: [8] Undefined index:  rowpage AdminAction.class.php 第 357 行.
[ 2013-12-14T13:34:35+08:00 ] /skybroad/index.php/Admin/Guestbook/index/mid/10 | NOTIC: [8] Undefined index:  searchKey AdminAction.class.php 第 358 行.
[ 2013-12-14T13:34:35+08:00 ] /skybroad/index.php/Admin/Guestbook/index/mid/10 | SQL: SELECT COUNT(*) AS tp_count FROM `m_guestbook` WHERE ( category_id like '150%' ) LIMIT 1  [ RunTime:0.000191s ]
[ 2013-12-14T13:34:35+08:00 ] /skybroad/index.php/Admin/Guestbook/index/mid/10 | SQL: SELECT * FROM `m_guestbook` WHERE ( category_id like '150%' ) ORDER BY `id` desc LIMIT 0,12  [ RunTime:0.000192s ]
[ 2013-12-14T13:34:35+08:00 ] /skybroad/index.php/Admin/Guestbook/index/mid/10 | NOTIC: [2048] Creating default object from empty value CommonAction.class.php 第 52 行.
[ 2013-12-14T13:34:36+08:00 ] /skybroad/index.php/Admin/Guestbook/index/mid/10 | NOTIC: [8] Undefined index:  cid e60c835417e9e0d190878174c1c2b9b4.php 第 14 行.
[ 2013-12-14T13:34:36+08:00 ] /skybroad/index.php/Admin/Guestbook/index/mid/10 | NOTIC: [8] Undefined index:  cid e60c835417e9e0d190878174c1c2b9b4.php 第 57 行.
[ 2013-12-14T13:34:36+08:00 ] /skybroad/index.php/Admin/Guestbook/index/mid/10 | SQL: SHOW COLUMNS FROM `m_modelconfig` [ RunTime:0.000928s ]
[ 2013-12-14T13:34:36+08:00 ] /skybroad/index.php/Admin/Guestbook/index/mid/10 | SQL: SELECT `modelname` FROM `m_modelconfig` WHERE id=10 LIMIT 1  [ RunTime:0.000236s ]
[ 2013-12-14T13:34:36+08:00 ] /skybroad/index.php/Admin/Guestbook/index/mid/10 | NOTIC: [8] Undefined index:  cid e60c835417e9e0d190878174c1c2b9b4.php 第 59 行.
[ 2013-12-14T13:34:36+08:00 ] /skybroad/index.php/Admin/Guestbook/index/mid/10 | NOTIC: [8] Undefined index:  cid e60c835417e9e0d190878174c1c2b9b4.php 第 65 行.
[ 2013-12-14T13:34:36+08:00 ] /skybroad/index.php/Admin/Guestbook/index/mid/10 | NOTIC: [8] Undefined index:  cid e60c835417e9e0d190878174c1c2b9b4.php 第 80 行.
[ 2013-12-14T13:34:36+08:00 ] /skybroad/index.php/Admin/Guestbook/index/mid/10 | NOTIC: [8] Undefined index:  status e60c835417e9e0d190878174c1c2b9b4.php 第 73 行.
[ 2013-12-14T13:34:36+08:00 ] /skybroad/index.php/Admin/Guestbook/index/mid/10 | NOTIC: [8] Undefined index:  cid e60c835417e9e0d190878174c1c2b9b4.php 第 81 行.
[ 2013-12-14T13:34:36+08:00 ] /skybroad/index.php/Admin/Guestbook/index/mid/10 | NOTIC: [8] Undefined index:  status e60c835417e9e0d190878174c1c2b9b4.php 第 73 行.
[ 2013-12-14T13:34:36+08:00 ] /skybroad/index.php/Admin/Guestbook/index/mid/10 | NOTIC: [8] Undefined index:  cid e60c835417e9e0d190878174c1c2b9b4.php 第 82 行.
[ 2013-12-14T13:34:36+08:00 ] /skybroad/index.php/Admin/Guestbook/index/mid/10 | NOTIC: [8] Undefined index:  status e60c835417e9e0d190878174c1c2b9b4.php 第 73 行.
[ 2013-12-14T13:34:36+08:00 ] /skybroad/index.php/Admin/Guestbook/index/mid/10 | NOTIC: [8] Undefined index:  cid e60c835417e9e0d190878174c1c2b9b4.php 第 83 行.
[ 2013-12-14T13:34:36+08:00 ] /skybroad/index.php/Admin/Guestbook/index/mid/10 | NOTIC: [8] Undefined index:  status e60c835417e9e0d190878174c1c2b9b4.php 第 73 行.
[ 2013-12-14T13:34:36+08:00 ] /skybroad/index.php/Admin/Index/sidemenu/mid/10 | SQL: SHOW COLUMNS FROM `m_categorys` [ RunTime:0.000945s ]
[ 2013-12-14T13:34:36+08:00 ] /skybroad/index.php/Admin/Index/sidemenu/mid/10 | SQL: SELECT m_categorys.*,m_modelconfig.modelaction FROM `m_categorys` LEFT JOIN m_modelconfig on(m_modelconfig.id=m_categorys.model_id) WHERE ( m_categorys.fid = 1 ) AND ( m_categorys.model_id = '10' ) ORDER BY m_categorys.id asc [ RunTime:0.000334s ]
[ 2013-12-14T13:34:36+08:00 ] /skybroad/index.php/Admin/Index/sidemenu/mid/10 | NOTIC: [8] Undefined index:  access e488c14ec6265e83d7afc8f2ff16ec26.php 第 52 行.
[ 2013-12-14T13:34:36+08:00 ] /skybroad/index.php/Admin/Index/sidemenu/mid/10 | SQL: SHOW COLUMNS FROM `m_modelconfig` [ RunTime:0.000944s ]
[ 2013-12-14T13:34:36+08:00 ] /skybroad/index.php/Admin/Index/sidemenu/mid/10 | SQL: SELECT `modelaction` FROM `m_modelconfig` WHERE id=10 LIMIT 1  [ RunTime:0.000223s ]
[ 2013-12-14T13:52:10+08:00 ] /skybroad/index.php/Admin/Advert/index/mid/11 | SQL: SHOW COLUMNS FROM `m_advert` [ RunTime:0.001681s ]
[ 2013-12-14T13:52:10+08:00 ] /skybroad/index.php/Admin/Advert/index/mid/11 | SQL: SHOW COLUMNS FROM `m_categorys` [ RunTime:0.001098s ]
[ 2013-12-14T13:52:10+08:00 ] /skybroad/index.php/Admin/Advert/index/mid/11 | SQL: SELECT `id` FROM `m_categorys` WHERE ( `model_id` = '11' ) AND ( `fid` = 1 ) ORDER BY id asc LIMIT 1  [ RunTime:0.000336s ]
[ 2013-12-14T13:52:10+08:00 ] /skybroad/index.php/Admin/Advert/index/mid/11 | NOTIC: [8] Undefined index:  rowpage AdminAction.class.php 第 357 行.
[ 2013-12-14T13:52:10+08:00 ] /skybroad/index.php/Admin/Advert/index/mid/11 | NOTIC: [8] Undefined index:  searchKey AdminAction.class.php 第 358 行.
[ 2013-12-14T13:52:10+08:00 ] /skybroad/index.php/Admin/Advert/index/mid/11 | SQL: SELECT COUNT(*) AS tp_count FROM `m_advert` WHERE ( category_id like '180%' ) LIMIT 1  [ RunTime:0.000246s ]
[ 2013-12-14T13:52:10+08:00 ] /skybroad/index.php/Admin/Advert/index/mid/11 | SQL: SELECT * FROM `m_advert` WHERE ( category_id like '180%' ) ORDER BY `id` desc LIMIT 0,12  [ RunTime:0.000257s ]
[ 2013-12-14T13:52:10+08:00 ] /skybroad/index.php/Admin/Advert/index/mid/11 | NOTIC: [2048] Creating default object from empty value CommonAction.class.php 第 52 行.
[ 2013-12-14T13:52:10+08:00 ] /skybroad/index.php/Admin/Advert/index/mid/11 | NOTIC: [8] Undefined index:  cid cfc9dc5e7b96a6cfb24aa8d6a0cf6d8b.php 第 14 行.
[ 2013-12-14T13:52:10+08:00 ] /skybroad/index.php/Admin/Advert/index/mid/11 | NOTIC: [8] Undefined index:  cid cfc9dc5e7b96a6cfb24aa8d6a0cf6d8b.php 第 24 行.
[ 2013-12-14T13:52:10+08:00 ] /skybroad/index.php/Admin/Advert/index/mid/11 | SQL: SHOW COLUMNS FROM `m_modelconfig` [ RunTime:0.001334s ]
[ 2013-12-14T13:52:10+08:00 ] /skybroad/index.php/Admin/Advert/index/mid/11 | SQL: SELECT `modelname` FROM `m_modelconfig` WHERE id=11 LIMIT 1  [ RunTime:0.000254s ]
[ 2013-12-14T13:52:10+08:00 ] /skybroad/index.php/Admin/Advert/index/mid/11 | NOTIC: [8] Undefined index:  cid cfc9dc5e7b96a6cfb24aa8d6a0cf6d8b.php 第 26 行.
[ 2013-12-14T13:52:10+08:00 ] /skybroad/index.php/Admin/Advert/index/mid/11 | SQL: SELECT `title` FROM `m_categorys` WHERE ( `id` = '18010' ) LIMIT 1  [ RunTime:0.000196s ]
[ 2013-12-14T13:52:10+08:00 ] /skybroad/index.php/Admin/Advert/index/mid/11 | SQL: SELECT `title` FROM `m_categorys` WHERE ( `id` = '18010' ) LIMIT 1  [ RunTime:0.000193s ]
[ 2013-12-14T13:52:10+08:00 ] /skybroad/index.php/Admin/Index/sidemenu/mid/11 | SQL: SHOW COLUMNS FROM `m_categorys` [ RunTime:0.001097s ]
[ 2013-12-14T13:52:10+08:00 ] /skybroad/index.php/Admin/Index/sidemenu/mid/11 | SQL: SELECT m_categorys.*,m_modelconfig.modelaction FROM `m_categorys` LEFT JOIN m_modelconfig on(m_modelconfig.id=m_categorys.model_id) WHERE ( m_categorys.fid = 1 ) AND ( m_categorys.model_id = '11' ) ORDER BY m_categorys.id asc [ RunTime:0.000362s ]
[ 2013-12-14T13:52:10+08:00 ] /skybroad/index.php/Admin/Index/sidemenu/mid/11 | NOTIC: [8] Undefined index:  access e488c14ec6265e83d7afc8f2ff16ec26.php 第 52 行.
[ 2013-12-14T13:52:10+08:00 ] /skybroad/index.php/Admin/Index/sidemenu/mid/11 | SQL: SHOW COLUMNS FROM `m_modelconfig` [ RunTime:0.001151s ]
[ 2013-12-14T13:52:10+08:00 ] /skybroad/index.php/Admin/Index/sidemenu/mid/11 | SQL: SELECT `modelaction` FROM `m_modelconfig` WHERE id=11 LIMIT 1  [ RunTime:0.000233s ]
[ 2013-12-14T13:52:10+08:00 ] /skybroad/index.php/Admin/Index/sidemenu/mid/11 | SQL: SELECT * FROM `m_categorys` WHERE fid=180 [ RunTime:0.000215s ]
[ 2013-12-14T13:52:10+08:00 ] /skybroad/index.php/Admin/Index/sidemenu/mid/11 | SQL: SELECT `modelaction` FROM `m_modelconfig` WHERE id=11 LIMIT 1  [ RunTime:0.000177s ]
[ 2013-12-14T13:52:12+08:00 ] /skybroad/index.php/Admin/Case/index/mid/9 | SQL: SHOW COLUMNS FROM `m_case` [ RunTime:0.001616s ]
[ 2013-12-14T13:52:12+08:00 ] /skybroad/index.php/Admin/Case/index/mid/9 | SQL: SHOW COLUMNS FROM `m_categorys` [ RunTime:0.001049s ]
[ 2013-12-14T13:52:12+08:00 ] /skybroad/index.php/Admin/Case/index/mid/9 | SQL: SELECT `id` FROM `m_categorys` WHERE ( `model_id` = '9' ) AND ( `fid` = 1 ) ORDER BY id asc LIMIT 1  [ RunTime:0.000329s ]
[ 2013-12-14T13:52:12+08:00 ] /skybroad/index.php/Admin/Case/index/mid/9 | SQL: SELECT * FROM `m_categorys` WHERE id=140 LIMIT 1  [ RunTime:0.000222s ]
[ 2013-12-14T13:52:12+08:00 ] /skybroad/index.php/Admin/Case/index/mid/9 | NOTIC: [8] Undefined index:  rowpage AdminAction.class.php 第 357 行.
[ 2013-12-14T13:52:12+08:00 ] /skybroad/index.php/Admin/Case/index/mid/9 | NOTIC: [8] Undefined index:  searchKey AdminAction.class.php 第 358 行.
[ 2013-12-14T13:52:12+08:00 ] /skybroad/index.php/Admin/Case/index/mid/9 | SQL: SELECT COUNT(*) AS tp_count FROM `m_case` WHERE ( category_id like '140%' ) LIMIT 1  [ RunTime:0.000338s ]
[ 2013-12-14T13:52:12+08:00 ] /skybroad/index.php/Admin/Case/index/mid/9 | SQL: SELECT * FROM `m_case` WHERE ( category_id like '140%' ) ORDER BY `id` desc LIMIT 0,12  [ RunTime:0.000348s ]
[ 2013-12-14T13:52:12+08:00 ] /skybroad/index.php/Admin/Case/index/mid/9 | NOTIC: [2048] Creating default object from empty value CommonAction.class.php 第 52 行.
[ 2013-12-14T13:52:12+08:00 ] /skybroad/index.php/Admin/Case/index/mid/9 | NOTIC: [8] Undefined index:  cid f038103b634c8b6e6deacd09f186d97d.php 第 14 行.
[ 2013-12-14T13:52:12+08:00 ] /skybroad/index.php/Admin/Case/index/mid/9 | SQL: SELECT * FROM `m_categorys` WHERE id=140 LIMIT 1  [ RunTime:0.000426s ]
[ 2013-12-14T13:52:12+08:00 ] /skybroad/index.php/Admin/Case/index/mid/9 | SQL: SHOW COLUMNS FROM `m_modelconfig` [ RunTime:0.001040s ]
[ 2013-12-14T13:52:12+08:00 ] /skybroad/index.php/Admin/Case/index/mid/9 | SQL: SELECT `modelname` FROM `m_modelconfig` WHERE id=9 LIMIT 1  [ RunTime:0.000212s ]
[ 2013-12-14T13:52:12+08:00 ] /skybroad/index.php/Admin/Case/index/mid/9 | NOTIC: [8] Undefined variable: twocate function.php 第 536 行.
[ 2013-12-14T13:52:12+08:00 ] /skybroad/index.php/Admin/Case/index/mid/9 | NOTIC: [8] Undefined index:  cid f038103b634c8b6e6deacd09f186d97d.php 第 27 行.
[ 2013-12-14T13:52:12+08:00 ] /skybroad/index.php/Admin/Case/index/mid/9 | SQL: SELECT `title` FROM `m_categorys` WHERE ( `id` = '140' ) LIMIT 1  [ RunTime:0.000198s ]
[ 2013-12-14T13:52:12+08:00 ] /skybroad/index.php/Admin/Case/index/mid/9 | SQL: SELECT `title` FROM `m_categorys` WHERE ( `id` = '140' ) LIMIT 1  [ RunTime:0.000190s ]
[ 2013-12-14T13:52:12+08:00 ] /skybroad/index.php/Admin/Case/index/mid/9 | SQL: SELECT `title` FROM `m_categorys` WHERE ( `id` = '140' ) LIMIT 1  [ RunTime:0.000182s ]
[ 2013-12-14T13:52:12+08:00 ] /skybroad/index.php/Admin/Case/index/mid/9 | SQL: SELECT `title` FROM `m_categorys` WHERE ( `id` = '140' ) LIMIT 1  [ RunTime:0.000194s ]
[ 2013-12-14T13:52:12+08:00 ] /skybroad/index.php/Admin/Case/index/mid/9 | SQL: SELECT `title` FROM `m_categorys` WHERE ( `id` = '140' ) LIMIT 1  [ RunTime:0.000180s ]
[ 2013-12-14T13:52:12+08:00 ] /skybroad/index.php/Admin/Case/index/mid/9 | SQL: SELECT `title` FROM `m_categorys` WHERE ( `id` = '140' ) LIMIT 1  [ RunTime:0.000207s ]
[ 2013-12-14T13:52:12+08:00 ] /skybroad/index.php/Admin/Case/index/mid/9 | SQL: SELECT `title` FROM `m_categorys` WHERE ( `id` = '140' ) LIMIT 1  [ RunTime:0.000179s ]
[ 2013-12-14T13:52:12+08:00 ] /skybroad/index.php/Admin/Case/index/mid/9 | SQL: SELECT `title` FROM `m_categorys` WHERE ( `id` = '140' ) LIMIT 1  [ RunTime:0.000198s ]
[ 2013-12-14T13:52:12+08:00 ] /skybroad/index.php/Admin/Case/index/mid/9 | SQL: SELECT `title` FROM `m_categorys` WHERE ( `id` = '140' ) LIMIT 1  [ RunTime:0.000176s ]
[ 2013-12-14T13:52:12+08:00 ] /skybroad/index.php/Admin/Case/index/mid/9 | SQL: SELECT `title` FROM `m_categorys` WHERE ( `id` = '140' ) LIMIT 1  [ RunTime:0.000173s ]
[ 2013-12-14T13:52:12+08:00 ] /skybroad/index.php/Admin/Case/index/mid/9 | SQL: SELECT `title` FROM `m_categorys` WHERE ( `id` = '140' ) LIMIT 1  [ RunTime:0.000182s ]
[ 2013-12-14T13:52:12+08:00 ] /skybroad/index.php/Admin/Case/index/mid/9 | SQL: SELECT `title` FROM `m_categorys` WHERE ( `id` = '140' ) LIMIT 1  [ RunTime:0.000173s ]
[ 2013-12-14T13:52:12+08:00 ] /skybroad/index.php/Admin/Index/sidemenu/mid/9 | SQL: SHOW COLUMNS FROM `m_categorys` [ RunTime:0.001100s ]
[ 2013-12-14T13:52:12+08:00 ] /skybroad/index.php/Admin/Index/sidemenu/mid/9 | SQL: SELECT m_categorys.*,m_modelconfig.modelaction FROM `m_categorys` LEFT JOIN m_modelconfig on(m_modelconfig.id=m_categorys.model_id) WHERE ( m_categorys.fid = 1 ) AND ( m_categorys.model_id = '9' ) ORDER BY m_categorys.id asc [ RunTime:0.000359s ]
[ 2013-12-14T13:52:12+08:00 ] /skybroad/index.php/Admin/Index/sidemenu/mid/9 | NOTIC: [8] Undefined index:  access e488c14ec6265e83d7afc8f2ff16ec26.php 第 52 行.
[ 2013-12-14T13:52:12+08:00 ] /skybroad/index.php/Admin/Index/sidemenu/mid/9 | SQL: SHOW COLUMNS FROM `m_modelconfig` [ RunTime:0.001207s ]
[ 2013-12-14T13:52:12+08:00 ] /skybroad/index.php/Admin/Index/sidemenu/mid/9 | SQL: SELECT `modelaction` FROM `m_modelconfig` WHERE id=9 LIMIT 1  [ RunTime:0.000271s ]
[ 2013-12-14T13:52:33+08:00 ] /skybroad/index.php/Mobile | SQL: SHOW COLUMNS FROM `m_system` [ RunTime:0.001693s ]
[ 2013-12-14T13:52:33+08:00 ] /skybroad/index.php/Mobile | SQL: SELECT * FROM `m_system` LIMIT 1  [ RunTime:0.000264s ]
[ 2013-12-14T13:52:33+08:00 ] /skybroad/index.php/Mobile | SQL: SHOW COLUMNS FROM `m_advert` [ RunTime:0.001090s ]
[ 2013-12-14T13:52:33+08:00 ] /skybroad/index.php/Mobile | SQL: SELECT * FROM `m_advert` ORDER BY id asc LIMIT 5  [ RunTime:0.000262s ]
[ 2013-12-14T13:52:34+08:00 ] /skybroad/index.php/Mobile/Ajaxload/index_advajaxload?_=1387000357001 | SQL: SHOW COLUMNS FROM `m_system` [ RunTime:0.001479s ]
[ 2013-12-14T13:52:34+08:00 ] /skybroad/index.php/Mobile/Ajaxload/index_advajaxload?_=1387000357001 | SQL: SELECT * FROM `m_system` LIMIT 1  [ RunTime:0.000357s ]
[ 2013-12-14T13:52:34+08:00 ] /skybroad/index.php/Mobile/Ajaxload/index_advajaxload?_=1387000357001 | SQL: SHOW COLUMNS FROM `m_advert` [ RunTime:0.001173s ]
[ 2013-12-14T13:52:34+08:00 ] /skybroad/index.php/Mobile/Ajaxload/index_advajaxload?_=1387000357001 | SQL: SELECT * FROM `m_advert` ORDER BY id asc LIMIT 5  [ RunTime:0.000281s ]
[ 2013-12-14T13:52:34+08:00 ] /skybroad/index.php/Mobile/Ajaxload/index_advajaxload?_=1387000357001 | NOTIC: [8] Undefined variable: str AjaxloadAction.class.php 第 65 行.
[ 2013-12-14T13:53:51+08:00 ] /skybroad/index.php/Admin/Goods/index/mid/8 | SQL: SHOW COLUMNS FROM `m_goods` [ RunTime:0.001584s ]
[ 2013-12-14T13:53:51+08:00 ] /skybroad/index.php/Admin/Goods/index/mid/8 | SQL: SHOW COLUMNS FROM `m_categorys` [ RunTime:0.000838s ]
[ 2013-12-14T13:53:51+08:00 ] /skybroad/index.php/Admin/Goods/index/mid/8 | SQL: SELECT `id` FROM `m_categorys` WHERE ( `model_id` = '8' ) AND ( `fid` = 1 ) ORDER BY id asc LIMIT 1  [ RunTime:0.000285s ]
[ 2013-12-14T13:53:51+08:00 ] /skybroad/index.php/Admin/Goods/index/mid/8 | SQL: SELECT * FROM `m_categorys` WHERE id=120 LIMIT 1  [ RunTime:0.000210s ]
[ 2013-12-14T13:53:51+08:00 ] /skybroad/index.php/Admin/Goods/index/mid/8 | NOTIC: [8] Undefined index:  rowpage AdminAction.class.php 第 357 行.
[ 2013-12-14T13:53:51+08:00 ] /skybroad/index.php/Admin/Goods/index/mid/8 | NOTIC: [8] Undefined index:  searchKey AdminAction.class.php 第 358 行.
[ 2013-12-14T13:53:51+08:00 ] /skybroad/index.php/Admin/Goods/index/mid/8 | SQL: SELECT COUNT(*) AS tp_count FROM `m_goods` WHERE ( category_id like '120%' ) LIMIT 1  [ RunTime:0.000267s ]
[ 2013-12-14T13:53:51+08:00 ] /skybroad/index.php/Admin/Goods/index/mid/8 | SQL: SELECT * FROM `m_goods` WHERE ( category_id like '120%' ) ORDER BY `id` desc LIMIT 0,12  [ RunTime:0.000334s ]
[ 2013-12-14T13:53:51+08:00 ] /skybroad/index.php/Admin/Goods/index/mid/8 | NOTIC: [2048] Creating default object from empty value CommonAction.class.php 第 52 行.
[ 2013-12-14T13:53:51+08:00 ] /skybroad/index.php/Admin/Goods/index/mid/8 | NOTIC: [8] Undefined index:  cid b23056f75f4fd9aa5583a730513ab7e7.php 第 13 行.
[ 2013-12-14T13:53:51+08:00 ] /skybroad/index.php/Admin/Goods/index/mid/8 | SQL: SELECT * FROM `m_categorys` WHERE id=120 LIMIT 1  [ RunTime:0.000234s ]
[ 2013-12-14T13:53:51+08:00 ] /skybroad/index.php/Admin/Goods/index/mid/8 | SQL: SHOW COLUMNS FROM `m_modelconfig` [ RunTime:0.000897s ]
[ 2013-12-14T13:53:51+08:00 ] /skybroad/index.php/Admin/Goods/index/mid/8 | SQL: SELECT `modelname` FROM `m_modelconfig` WHERE id=8 LIMIT 1  [ RunTime:0.000209s ]
[ 2013-12-14T13:53:51+08:00 ] /skybroad/index.php/Admin/Goods/index/mid/8 | NOTIC: [8] Undefined variable: twocate function.php 第 536 行.
[ 2013-12-14T13:53:51+08:00 ] /skybroad/index.php/Admin/Goods/index/mid/8 | NOTIC: [8] Undefined index:  cid b23056f75f4fd9aa5583a730513ab7e7.php 第 24 行.
[ 2013-12-14T13:53:51+08:00 ] /skybroad/index.php/Admin/Goods/index/mid/8 | SQL: SELECT `title` FROM `m_categorys` WHERE ( `id` = '12010' ) LIMIT 1  [ RunTime:0.000195s ]
[ 2013-12-14T13:53:51+08:00 ] /skybroad/index.php/Admin/Goods/index/mid/8 | SQL: SELECT `title` FROM `m_categorys` WHERE ( `id` = '12010' ) LIMIT 1  [ RunTime:0.000190s ]
[ 2013-12-14T13:53:51+08:00 ] /skybroad/index.php/Admin/Goods/index/mid/8 | SQL: SELECT `title` FROM `m_categorys` WHERE ( `id` = '12010' ) LIMIT 1  [ RunTime:0.000178s ]
[ 2013-12-14T13:53:51+08:00 ] /skybroad/index.php/Admin/Goods/index/mid/8 | SQL: SELECT `title` FROM `m_categorys` WHERE ( `id` = '12010' ) LIMIT 1  [ RunTime:0.000179s ]
[ 2013-12-14T13:53:51+08:00 ] /skybroad/index.php/Admin/Goods/index/mid/8 | SQL: SELECT `title` FROM `m_categorys` WHERE ( `id` = '12010' ) LIMIT 1  [ RunTime:0.000191s ]
[ 2013-12-14T13:53:51+08:00 ] /skybroad/index.php/Admin/Goods/index/mid/8 | SQL: SELECT `title` FROM `m_categorys` WHERE ( `id` = '12010' ) LIMIT 1  [ RunTime:0.000175s ]
[ 2013-12-14T13:53:51+08:00 ] /skybroad/index.php/Admin/Goods/index/mid/8 | SQL: SELECT `title` FROM `m_categorys` WHERE ( `id` = '12010' ) LIMIT 1  [ RunTime:0.000179s ]
[ 2013-12-14T13:53:51+08:00 ] /skybroad/index.php/Admin/Goods/index/mid/8 | SQL: SELECT `title` FROM `m_categorys` WHERE ( `id` = '12010' ) LIMIT 1  [ RunTime:0.000174s ]
[ 2013-12-14T13:53:51+08:00 ] /skybroad/index.php/Admin/Goods/index/mid/8 | SQL: SELECT `title` FROM `m_categorys` WHERE ( `id` = '12010' ) LIMIT 1  [ RunTime:0.000181s ]
[ 2013-12-14T13:53:51+08:00 ] /skybroad/index.php/Admin/Goods/index/mid/8 | SQL: SELECT `title` FROM `m_categorys` WHERE ( `id` = '12010' ) LIMIT 1  [ RunTime:0.000173s ]
[ 2013-12-14T13:53:51+08:00 ] /skybroad/index.php/Admin/Goods/index/mid/8 | SQL: SELECT `title` FROM `m_categorys` WHERE ( `id` = '12010' ) LIMIT 1  [ RunTime:0.000177s ]
[ 2013-12-14T13:53:51+08:00 ] /skybroad/index.php/Admin/Goods/index/mid/8 | SQL: SELECT `title` FROM `m_categorys` WHERE ( `id` = '12010' ) LIMIT 1  [ RunTime:0.000174s ]
[ 2013-12-14T13:53:51+08:00 ] /skybroad/index.php/Admin/Index/sidemenu/mid/8 | SQL: SHOW COLUMNS FROM `m_categorys` [ RunTime:0.000867s ]
[ 2013-12-14T13:53:51+08:00 ] /skybroad/index.php/Admin/Index/sidemenu/mid/8 | SQL: SELECT m_categorys.*,m_modelconfig.modelaction FROM `m_categorys` LEFT JOIN m_modelconfig on(m_modelconfig.id=m_categorys.model_id) WHERE ( m_categorys.fid = 1 ) AND ( m_categorys.model_id = '8' ) ORDER BY m_categorys.id asc [ RunTime:0.000302s ]
[ 2013-12-14T13:53:51+08:00 ] /skybroad/index.php/Admin/Index/sidemenu/mid/8 | NOTIC: [8] Undefined index:  access e488c14ec6265e83d7afc8f2ff16ec26.php 第 52 行.
[ 2013-12-14T13:53:51+08:00 ] /skybroad/index.php/Admin/Index/sidemenu/mid/8 | SQL: SHOW COLUMNS FROM `m_modelconfig` [ RunTime:0.000832s ]
[ 2013-12-14T13:53:51+08:00 ] /skybroad/index.php/Admin/Index/sidemenu/mid/8 | SQL: SELECT `modelaction` FROM `m_modelconfig` WHERE id=8 LIMIT 1  [ RunTime:0.000209s ]
[ 2013-12-14T13:53:51+08:00 ] /skybroad/index.php/Admin/Index/sidemenu/mid/8 | SQL: SELECT * FROM `m_categorys` WHERE fid=120 [ RunTime:0.000204s ]
[ 2013-12-14T13:53:51+08:00 ] /skybroad/index.php/Admin/Index/sidemenu/mid/8 | SQL: SELECT `modelaction` FROM `m_modelconfig` WHERE id=8 LIMIT 1  [ RunTime:0.000171s ]
[ 2013-12-14T13:53:51+08:00 ] /skybroad/index.php/Admin/Index/sidemenu/mid/8 | SQL: SELECT `modelaction` FROM `m_modelconfig` WHERE id=8 LIMIT 1  [ RunTime:0.000176s ]
[ 2013-12-14T13:53:53+08:00 ] /skybroad/index.php/Admin/Goods/edit/mid/8/cid/120 | SQL: SHOW COLUMNS FROM `m_goods` [ RunTime:0.001323s ]
[ 2013-12-14T13:53:53+08:00 ] /skybroad/index.php/Admin/Goods/edit/mid/8/cid/120 | SQL: SHOW COLUMNS FROM `m_categorys` [ RunTime:0.000892s ]
[ 2013-12-14T13:53:53+08:00 ] /skybroad/index.php/Admin/Goods/edit/mid/8/cid/120 | SQL: SELECT `tpl_one` FROM `m_categorys` WHERE ( `id` = '120' ) LIMIT 1  [ RunTime:0.000272s ]
[ 2013-12-14T13:53:53+08:00 ] /skybroad/index.php/Admin/Goods/edit/mid/8/cid/120 | NOTIC: [8] Undefined index:  id AdminAction.class.php 第 474 行.
[ 2013-12-14T13:53:53+08:00 ] /skybroad/index.php/Admin/Goods/edit/mid/8/cid/120 | NOTIC: [8] Undefined variable: obj AdminAction.class.php 第 484 行.
[ 2013-12-14T13:53:53+08:00 ] /skybroad/index.php/Admin/Goods/edit/mid/8/cid/120 | SQL: SELECT * FROM `m_categorys` WHERE id=120 LIMIT 1  [ RunTime:0.000362s ]
[ 2013-12-14T13:53:53+08:00 ] /skybroad/index.php/Admin/Goods/edit/mid/8/cid/120 | SQL: SHOW COLUMNS FROM `m_modelconfig` [ RunTime:0.001019s ]
[ 2013-12-14T13:53:53+08:00 ] /skybroad/index.php/Admin/Goods/edit/mid/8/cid/120 | SQL: SELECT `modelname` FROM `m_modelconfig` WHERE id=8 LIMIT 1  [ RunTime:0.000216s ]
[ 2013-12-14T13:53:53+08:00 ] /skybroad/index.php/Admin/Goods/edit/mid/8/cid/120 | NOTIC: [8] Undefined variable: twocate function.php 第 536 行.
[ 2013-12-14T13:53:53+08:00 ] /skybroad/index.php/Admin/Goods/edit/mid/8/cid/120 | SQL: SELECT * FROM `m_categorys` WHERE ( `model_id` = '8' ) AND ( `fid` = 1 ) AND ( `tpl_one` <> 'one' ) ORDER BY id asc [ RunTime:0.000283s ]
[ 2013-12-14T13:53:53+08:00 ] /skybroad/index.php/Admin/Goods/edit/mid/8/cid/120 | NOTIC: [8] Undefined variable: select_id function.php 第 178 行.
[ 2013-12-14T13:53:53+08:00 ] /skybroad/index.php/Admin/Goods/edit/mid/8/cid/120 | SQL: SELECT * FROM `m_categorys` WHERE ( `fid` = null ) AND ( `tpl_one` <> 'one' ) ORDER BY id asc [ RunTime:0.000246s ]
[ 2013-12-14T13:53:53+08:00 ] /skybroad/index.php/Admin/Goods/edit/mid/8/cid/120 | NOTIC: [8] Undefined variable: select_id2 function.php 第 195 行.
[ 2013-12-14T13:53:53+08:00 ] /skybroad/index.php/Admin/Goods/edit/mid/8/cid/120 | SQL: SELECT * FROM `m_categorys` WHERE ( `fid` = null ) AND ( `tpl_one` <> 'one' ) ORDER BY id asc [ RunTime:0.000227s ]
[ 2013-12-14T13:53:53+08:00 ] /skybroad/index.php/Admin/Goods/edit/mid/8/cid/120 | SQL: SHOW COLUMNS FROM `m_goods_photo` [ RunTime:0.001185s ]
[ 2013-12-14T13:53:53+08:00 ] /skybroad/index.php/Admin/Goods/edit/mid/8/cid/120 | SQL: SELECT * FROM `m_goods_photo` WHERE ( `goods_id` = null ) [ RunTime:0.000264s ]
[ 2013-12-14T13:53:53+08:00 ] /skybroad/index.php/Admin/Goods/edit/mid/8/cid/120 | NOTIC: [2] Invalid argument supplied for foreach() b5d18f194212fad51898e0d152bbd819.php 第 148 行.
[ 2013-12-14T13:53:53+08:00 ] /skybroad/index.php/Admin/Goods/edit/mid/8/cid/120 | NOTIC: [8] Undefined variable: photostr b5d18f194212fad51898e0d152bbd819.php 第 155 行.
[ 2013-12-14T13:53:53+08:00 ] /skybroad/index.php/Admin/Goods/edit/mid/8/cid/120 | NOTIC: [8] Undefined variable: titlestr b5d18f194212fad51898e0d152bbd819.php 第 156 行.
[ 2013-12-14T13:53:53+08:00 ] /skybroad/index.php/Admin/Goods/edit/mid/8/cid/120 | NOTIC: [8] Undefined variable: idstr b5d18f194212fad51898e0d152bbd819.php 第 157 行.
[ 2013-12-14T13:53:53+08:00 ] /skybroad/index.php/Admin/Goods/edit/mid/8/cid/120 | NOTIC: [8] Undefined index:  id 729d018948168e2452d587085878daf1.php 第 11 行.
[ 2013-12-14T13:54:56+08:00 ] /skybroad/index.php/Mobile/About | SQL: SHOW COLUMNS FROM `m_system` [ RunTime:0.001525s ]
[ 2013-12-14T13:54:56+08:00 ] /skybroad/index.php/Mobile/About | SQL: SELECT * FROM `m_system` LIMIT 1  [ RunTime:0.000251s ]
[ 2013-12-14T13:54:56+08:00 ] /skybroad/index.php/Mobile/About | SQL: SHOW COLUMNS FROM `m_news` [ RunTime:0.001359s ]
[ 2013-12-14T13:54:56+08:00 ] /skybroad/index.php/Mobile/About | SQL: SELECT * FROM `m_news` WHERE category_id=110 LIMIT 1  [ RunTime:0.000276s ]
[ 2013-12-14T13:55:02+08:00 ] /skybroad/index.php/Admin/News/index/mid/7 | SQL: SHOW COLUMNS FROM `m_news` [ RunTime:0.001297s ]
[ 2013-12-14T13:55:02+08:00 ] /skybroad/index.php/Admin/News/index/mid/7 | SQL: SHOW COLUMNS FROM `m_categorys` [ RunTime:0.000886s ]
[ 2013-12-14T13:55:02+08:00 ] /skybroad/index.php/Admin/News/index/mid/7 | SQL: SELECT `id` FROM `m_categorys` WHERE ( `model_id` = '7' ) AND ( `fid` = 1 ) ORDER BY id asc LIMIT 1  [ RunTime:0.000292s ]
[ 2013-12-14T13:55:02+08:00 ] /skybroad/index.php/Admin/News/index/mid/7 | SQL: SELECT * FROM `m_categorys` WHERE id=100 LIMIT 1  [ RunTime:0.000196s ]
[ 2013-12-14T13:55:02+08:00 ] /skybroad/index.php/Admin/News/index/mid/7 | NOTIC: [8] Undefined index:  rowpage AdminAction.class.php 第 357 行.
[ 2013-12-14T13:55:02+08:00 ] /skybroad/index.php/Admin/News/index/mid/7 | NOTIC: [8] Undefined index:  searchKey AdminAction.class.php 第 358 行.
[ 2013-12-14T13:55:02+08:00 ] /skybroad/index.php/Admin/News/index/mid/7 | SQL: SELECT COUNT(*) AS tp_count FROM `m_news` WHERE ( category_id like '100%' ) LIMIT 1  [ RunTime:0.000223s ]
[ 2013-12-14T13:55:02+08:00 ] /skybroad/index.php/Admin/News/index/mid/7 | SQL: SELECT * FROM `m_news` WHERE ( category_id like '100%' ) ORDER BY `id` desc LIMIT 0,12  [ RunTime:0.000329s ]
[ 2013-12-14T13:55:02+08:00 ] /skybroad/index.php/Admin/News/index/mid/7 | NOTIC: [2048] Creating default object from empty value CommonAction.class.php 第 52 行.
[ 2013-12-14T13:55:02+08:00 ] /skybroad/index.php/Admin/News/index/mid/7 | NOTIC: [8] Undefined index:  cid 12eefcc44a31cef92dac20ea01aadb78.php 第 14 行.
[ 2013-12-14T13:55:02+08:00 ] /skybroad/index.php/Admin/News/index/mid/7 | SQL: SELECT * FROM `m_categorys` WHERE id=100 LIMIT 1  [ RunTime:0.000216s ]
[ 2013-12-14T13:55:02+08:00 ] /skybroad/index.php/Admin/News/index/mid/7 | SQL: SHOW COLUMNS FROM `m_modelconfig` [ RunTime:0.000843s ]
[ 2013-12-14T13:55:02+08:00 ] /skybroad/index.php/Admin/News/index/mid/7 | SQL: SELECT `modelname` FROM `m_modelconfig` WHERE id=7 LIMIT 1  [ RunTime:0.000210s ]
[ 2013-12-14T13:55:02+08:00 ] /skybroad/index.php/Admin/News/index/mid/7 | NOTIC: [8] Undefined variable: twocate function.php 第 536 行.
[ 2013-12-14T13:55:02+08:00 ] /skybroad/index.php/Admin/News/index/mid/7 | SQL: SELECT `title` FROM `m_categorys` WHERE ( `id` = '10010' ) LIMIT 1  [ RunTime:0.000183s ]
[ 2013-12-14T13:55:02+08:00 ] /skybroad/index.php/Admin/News/index/mid/7 | SQL: SELECT `title` FROM `m_categorys` WHERE ( `id` = '10010' ) LIMIT 1  [ RunTime:0.000180s ]
[ 2013-12-14T13:55:02+08:00 ] /skybroad/index.php/Admin/News/index/mid/7 | SQL: SELECT `title` FROM `m_categorys` WHERE ( `id` = '10010' ) LIMIT 1  [ RunTime:0.000174s ]
[ 2013-12-14T13:55:02+08:00 ] /skybroad/index.php/Admin/News/index/mid/7 | SQL: SELECT `title` FROM `m_categorys` WHERE ( `id` = '10010' ) LIMIT 1  [ RunTime:0.000177s ]
[ 2013-12-14T13:55:02+08:00 ] /skybroad/index.php/Admin/News/index/mid/7 | SQL: SELECT `title` FROM `m_categorys` WHERE ( `id` = '10010' ) LIMIT 1  [ RunTime:0.000254s ]
[ 2013-12-14T13:55:02+08:00 ] /skybroad/index.php/Admin/News/index/mid/7 | SQL: SELECT `title` FROM `m_categorys` WHERE ( `id` = '10010' ) LIMIT 1  [ RunTime:0.000213s ]
[ 2013-12-14T13:55:02+08:00 ] /skybroad/index.php/Admin/News/index/mid/7 | SQL: SELECT `title` FROM `m_categorys` WHERE ( `id` = '10010' ) LIMIT 1  [ RunTime:0.000180s ]
[ 2013-12-14T13:55:02+08:00 ] /skybroad/index.php/Admin/News/index/mid/7 | SQL: SELECT `title` FROM `m_categorys` WHERE ( `id` = '10010' ) LIMIT 1  [ RunTime:0.000172s ]
[ 2013-12-14T13:55:02+08:00 ] /skybroad/index.php/Admin/News/index/mid/7 | SQL: SELECT `title` FROM `m_categorys` WHERE ( `id` = '10010' ) LIMIT 1  [ RunTime:0.000175s ]
[ 2013-12-14T13:55:02+08:00 ] /skybroad/index.php/Admin/Index/sidemenu/mid/7 | SQL: SHOW COLUMNS FROM `m_categorys` [ RunTime:0.000910s ]
[ 2013-12-14T13:55:02+08:00 ] /skybroad/index.php/Admin/Index/sidemenu/mid/7 | SQL: SELECT m_categorys.*,m_modelconfig.modelaction FROM `m_categorys` LEFT JOIN m_modelconfig on(m_modelconfig.id=m_categorys.model_id) WHERE ( m_categorys.fid = 1 ) AND ( m_categorys.model_id = '7' ) ORDER BY m_categorys.id asc [ RunTime:0.000490s ]
[ 2013-12-14T13:55:02+08:00 ] /skybroad/index.php/Admin/Index/sidemenu/mid/7 | NOTIC: [8] Undefined index:  access e488c14ec6265e83d7afc8f2ff16ec26.php 第 52 行.
[ 2013-12-14T13:55:02+08:00 ] /skybroad/index.php/Admin/Index/sidemenu/mid/7 | SQL: SHOW COLUMNS FROM `m_modelconfig` [ RunTime:0.000943s ]
[ 2013-12-14T13:55:02+08:00 ] /skybroad/index.php/Admin/Index/sidemenu/mid/7 | SQL: SELECT `modelaction` FROM `m_modelconfig` WHERE id=7 LIMIT 1  [ RunTime:0.000209s ]
[ 2013-12-14T13:55:02+08:00 ] /skybroad/index.php/Admin/Index/sidemenu/mid/7 | SQL: SELECT * FROM `m_categorys` WHERE fid=100 [ RunTime:0.000227s ]
[ 2013-12-14T13:55:02+08:00 ] /skybroad/index.php/Admin/Index/sidemenu/mid/7 | SQL: SELECT `modelaction` FROM `m_modelconfig` WHERE id=7 LIMIT 1  [ RunTime:0.000179s ]
[ 2013-12-14T13:55:02+08:00 ] /skybroad/index.php/Admin/Index/sidemenu/mid/7 | SQL: SELECT `modelaction` FROM `m_modelconfig` WHERE id=7 LIMIT 1  [ RunTime:0.000176s ]
[ 2013-12-14T13:55:02+08:00 ] /skybroad/index.php/Admin/Index/sidemenu/mid/7 | NOTIC: [8] Undefined index:  access e488c14ec6265e83d7afc8f2ff16ec26.php 第 52 行.
[ 2013-12-14T13:55:02+08:00 ] /skybroad/index.php/Admin/Index/sidemenu/mid/7 | SQL: SELECT `modelaction` FROM `m_modelconfig` WHERE id=7 LIMIT 1  [ RunTime:0.000180s ]
[ 2013-12-14T13:55:02+08:00 ] /skybroad/index.php/Admin/Index/sidemenu/mid/7 | SQL: SELECT * FROM `m_categorys` WHERE fid=110 [ RunTime:0.000197s ]
[ 2013-12-14T13:55:02+08:00 ] /skybroad/index.php/Admin/Index/sidemenu/mid/7 | SQL: SELECT `modelaction` FROM `m_modelconfig` WHERE id=7 LIMIT 1  [ RunTime:0.000172s ]
[ 2013-12-14T13:55:02+08:00 ] /skybroad/index.php/Admin/Index/sidemenu/mid/7 | NOTIC: [8] Undefined index:  access e488c14ec6265e83d7afc8f2ff16ec26.php 第 52 行.
[ 2013-12-14T13:55:02+08:00 ] /skybroad/index.php/Admin/Index/sidemenu/mid/7 | SQL: SELECT `modelaction` FROM `m_modelconfig` WHERE id=7 LIMIT 1  [ RunTime:0.000172s ]
[ 2013-12-14T14:19:05+08:00 ] /skybroad/index.php/Admin/Case/index/mid/9 | SQL: SHOW COLUMNS FROM `m_case` [ RunTime:0.001458s ]
[ 2013-12-14T14:19:05+08:00 ] /skybroad/index.php/Admin/Case/index/mid/9 | SQL: SHOW COLUMNS FROM `m_categorys` [ RunTime:0.001003s ]
[ 2013-12-14T14:19:05+08:00 ] /skybroad/index.php/Admin/Case/index/mid/9 | SQL: SELECT `id` FROM `m_categorys` WHERE ( `model_id` = '9' ) AND ( `fid` = 1 ) ORDER BY id asc LIMIT 1  [ RunTime:0.000294s ]
[ 2013-12-14T14:19:05+08:00 ] /skybroad/index.php/Admin/Case/index/mid/9 | SQL: SELECT * FROM `m_categorys` WHERE id=140 LIMIT 1  [ RunTime:0.000207s ]
[ 2013-12-14T14:19:05+08:00 ] /skybroad/index.php/Admin/Case/index/mid/9 | NOTIC: [8] Undefined index:  rowpage AdminAction.class.php 第 357 行.
[ 2013-12-14T14:19:05+08:00 ] /skybroad/index.php/Admin/Case/index/mid/9 | NOTIC: [8] Undefined index:  searchKey AdminAction.class.php 第 358 行.
[ 2013-12-14T14:19:05+08:00 ] /skybroad/index.php/Admin/Case/index/mid/9 | SQL: SELECT COUNT(*) AS tp_count FROM `m_case` WHERE ( category_id like '140%' ) LIMIT 1  [ RunTime:0.000259s ]
[ 2013-12-14T14:19:05+08:00 ] /skybroad/index.php/Admin/Case/index/mid/9 | SQL: SELECT * FROM `m_case` WHERE ( category_id like '140%' ) ORDER BY `id` desc LIMIT 0,12  [ RunTime:0.000306s ]
[ 2013-12-14T14:19:05+08:00 ] /skybroad/index.php/Admin/Case/index/mid/9 | NOTIC: [2048] Creating default object from empty value CommonAction.class.php 第 52 行.
[ 2013-12-14T14:19:05+08:00 ] /skybroad/index.php/Admin/Case/index/mid/9 | NOTIC: [8] Undefined index:  cid f038103b634c8b6e6deacd09f186d97d.php 第 14 行.
[ 2013-12-14T14:19:05+08:00 ] /skybroad/index.php/Admin/Case/index/mid/9 | SQL: SELECT * FROM `m_categorys` WHERE id=140 LIMIT 1  [ RunTime:0.000511s ]
[ 2013-12-14T14:19:05+08:00 ] /skybroad/index.php/Admin/Case/index/mid/9 | SQL: SHOW COLUMNS FROM `m_modelconfig` [ RunTime:0.001338s ]
[ 2013-12-14T14:19:05+08:00 ] /skybroad/index.php/Admin/Case/index/mid/9 | SQL: SELECT `modelname` FROM `m_modelconfig` WHERE id=9 LIMIT 1  [ RunTime:0.000380s ]
[ 2013-12-14T14:19:05+08:00 ] /skybroad/index.php/Admin/Case/index/mid/9 | NOTIC: [8] Undefined variable: twocate function.php 第 536 行.
[ 2013-12-14T14:19:05+08:00 ] /skybroad/index.php/Admin/Case/index/mid/9 | NOTIC: [8] Undefined index:  cid f038103b634c8b6e6deacd09f186d97d.php 第 27 行.
[ 2013-12-14T14:19:05+08:00 ] /skybroad/index.php/Admin/Case/index/mid/9 | SQL: SELECT `title` FROM `m_categorys` WHERE ( `id` = '140' ) LIMIT 1  [ RunTime:0.000266s ]
[ 2013-12-14T14:19:05+08:00 ] /skybroad/index.php/Admin/Case/index/mid/9 | SQL: SELECT `title` FROM `m_categorys` WHERE ( `id` = '140' ) LIMIT 1  [ RunTime:0.000246s ]
[ 2013-12-14T14:19:05+08:00 ] /skybroad/index.php/Admin/Case/index/mid/9 | SQL: SELECT `title` FROM `m_categorys` WHERE ( `id` = '140' ) LIMIT 1  [ RunTime:0.000223s ]
[ 2013-12-14T14:19:05+08:00 ] /skybroad/index.php/Admin/Case/index/mid/9 | SQL: SELECT `title` FROM `m_categorys` WHERE ( `id` = '140' ) LIMIT 1  [ RunTime:0.000222s ]
[ 2013-12-14T14:19:05+08:00 ] /skybroad/index.php/Admin/Case/index/mid/9 | SQL: SELECT `title` FROM `m_categorys` WHERE ( `id` = '140' ) LIMIT 1  [ RunTime:0.000272s ]
[ 2013-12-14T14:19:05+08:00 ] /skybroad/index.php/Admin/Case/index/mid/9 | SQL: SELECT `title` FROM `m_categorys` WHERE ( `id` = '140' ) LIMIT 1  [ RunTime:0.000197s ]
[ 2013-12-14T14:19:05+08:00 ] /skybroad/index.php/Admin/Case/index/mid/9 | SQL: SELECT `title` FROM `m_categorys` WHERE ( `id` = '140' ) LIMIT 1  [ RunTime:0.000236s ]
[ 2013-12-14T14:19:05+08:00 ] /skybroad/index.php/Admin/Case/index/mid/9 | SQL: SELECT `title` FROM `m_categorys` WHERE ( `id` = '140' ) LIMIT 1  [ RunTime:0.000200s ]
[ 2013-12-14T14:19:05+08:00 ] /skybroad/index.php/Admin/Case/index/mid/9 | SQL: SELECT `title` FROM `m_categorys` WHERE ( `id` = '140' ) LIMIT 1  [ RunTime:0.000201s ]
[ 2013-12-14T14:19:05+08:00 ] /skybroad/index.php/Admin/Case/index/mid/9 | SQL: SELECT `title` FROM `m_categorys` WHERE ( `id` = '140' ) LIMIT 1  [ RunTime:0.000198s ]
[ 2013-12-14T14:19:05+08:00 ] /skybroad/index.php/Admin/Case/index/mid/9 | SQL: SELECT `title` FROM `m_categorys` WHERE ( `id` = '140' ) LIMIT 1  [ RunTime:0.000177s ]
[ 2013-12-14T14:19:05+08:00 ] /skybroad/index.php/Admin/Case/index/mid/9 | SQL: SELECT `title` FROM `m_categorys` WHERE ( `id` = '140' ) LIMIT 1  [ RunTime:0.000196s ]
[ 2013-12-14T14:19:05+08:00 ] /skybroad/index.php/Admin/Index/sidemenu/mid/9 | SQL: SHOW COLUMNS FROM `m_categorys` [ RunTime:0.001054s ]
[ 2013-12-14T14:19:05+08:00 ] /skybroad/index.php/Admin/Index/sidemenu/mid/9 | SQL: SELECT m_categorys.*,m_modelconfig.modelaction FROM `m_categorys` LEFT JOIN m_modelconfig on(m_modelconfig.id=m_categorys.model_id) WHERE ( m_categorys.fid = 1 ) AND ( m_categorys.model_id = '9' ) ORDER BY m_categorys.id asc [ RunTime:0.000355s ]
[ 2013-12-14T14:19:05+08:00 ] /skybroad/index.php/Admin/Index/sidemenu/mid/9 | NOTIC: [8] Undefined index:  access e488c14ec6265e83d7afc8f2ff16ec26.php 第 52 行.
[ 2013-12-14T14:19:05+08:00 ] /skybroad/index.php/Admin/Index/sidemenu/mid/9 | SQL: SHOW COLUMNS FROM `m_modelconfig` [ RunTime:0.001162s ]
[ 2013-12-14T14:19:05+08:00 ] /skybroad/index.php/Admin/Index/sidemenu/mid/9 | SQL: SELECT `modelaction` FROM `m_modelconfig` WHERE id=9 LIMIT 1  [ RunTime:0.000258s ]
[ 2013-12-14T14:19:07+08:00 ] /skybroad/index.php/Admin/Category/index/mid/9 | SQL: SHOW COLUMNS FROM `m_categorys` [ RunTime:0.001110s ]
[ 2013-12-14T14:19:07+08:00 ] /skybroad/index.php/Admin/Category/index/mid/9 | SQL: SELECT * FROM `m_categorys` WHERE ( `model_id` = '9' ) AND ( `fid` = 1 ) ORDER BY id asc [ RunTime:0.000319s ]
[ 2013-12-14T14:19:07+08:00 ] /skybroad/index.php/Admin/Category/index/mid/9 | NOTIC: [8] Undefined variable: c_root 02a431a9f08c141fe678b45675a8b934.php 第 13 行.
[ 2013-12-14T14:19:07+08:00 ] /skybroad/index.php/Admin/Category/index/mid/9 | NOTIC: [8] Undefined index:  cid 02a431a9f08c141fe678b45675a8b934.php 第 14 行.
[ 2013-12-14T14:19:07+08:00 ] /skybroad/index.php/Admin/Category/index/mid/9 | SQL: SHOW COLUMNS FROM `m_modelconfig` [ RunTime:0.001146s ]
[ 2013-12-14T14:19:07+08:00 ] /skybroad/index.php/Admin/Category/index/mid/9 | SQL: SELECT `modelname` FROM `m_modelconfig` WHERE id=9 LIMIT 1  [ RunTime:0.000262s ]
[ 2013-12-14T14:19:07+08:00 ] /skybroad/index.php/Admin/Category/index/mid/9 | NOTIC: [8] Undefined index:  cid 02a431a9f08c141fe678b45675a8b934.php 第 32 行.
[ 2013-12-14T14:19:07+08:00 ] /skybroad/index.php/Admin/Category/index/mid/9 | SQL: SHOW COLUMNS FROM `m_categorys` [ RunTime:0.000872s ]
[ 2013-12-14T14:19:07+08:00 ] /skybroad/index.php/Admin/Category/index/mid/9 | SQL: SELECT * FROM `m_categorys` WHERE ( `fid` = '140' ) ORDER BY id asc [ RunTime:0.000295s ]
[ 2013-12-14T14:19:09+08:00 ] /skybroad/index.php/Admin/Case/index/mid/9/cid/140 | SQL: SHOW COLUMNS FROM `m_case` [ RunTime:0.001336s ]
[ 2013-12-14T14:19:09+08:00 ] /skybroad/index.php/Admin/Case/index/mid/9/cid/140 | SQL: SHOW COLUMNS FROM `m_categorys` [ RunTime:0.000872s ]
[ 2013-12-14T14:19:09+08:00 ] /skybroad/index.php/Admin/Case/index/mid/9/cid/140 | SQL: SELECT * FROM `m_categorys` WHERE id=140 LIMIT 1  [ RunTime:0.000238s ]
[ 2013-12-14T14:19:09+08:00 ] /skybroad/index.php/Admin/Case/index/mid/9/cid/140 | NOTIC: [8] Undefined index:  rowpage AdminAction.class.php 第 357 行.
[ 2013-12-14T14:19:09+08:00 ] /skybroad/index.php/Admin/Case/index/mid/9/cid/140 | NOTIC: [8] Undefined index:  searchKey AdminAction.class.php 第 358 行.
[ 2013-12-14T14:19:09+08:00 ] /skybroad/index.php/Admin/Case/index/mid/9/cid/140 | SQL: SELECT COUNT(*) AS tp_count FROM `m_case` WHERE ( category_id like '140%' ) LIMIT 1  [ RunTime:0.000333s ]
[ 2013-12-14T14:19:09+08:00 ] /skybroad/index.php/Admin/Case/index/mid/9/cid/140 | SQL: SELECT * FROM `m_case` WHERE ( category_id like '140%' ) ORDER BY `id` desc LIMIT 0,12  [ RunTime:0.000332s ]
[ 2013-12-14T14:19:09+08:00 ] /skybroad/index.php/Admin/Case/index/mid/9/cid/140 | NOTIC: [2048] Creating default object from empty value CommonAction.class.php 第 52 行.
[ 2013-12-14T14:19:09+08:00 ] /skybroad/index.php/Admin/Case/index/mid/9/cid/140 | SQL: SELECT * FROM `m_categorys` WHERE id=140 LIMIT 1  [ RunTime:0.000443s ]
[ 2013-12-14T14:19:09+08:00 ] /skybroad/index.php/Admin/Case/index/mid/9/cid/140 | SQL: SHOW COLUMNS FROM `m_modelconfig` [ RunTime:0.001064s ]
[ 2013-12-14T14:19:09+08:00 ] /skybroad/index.php/Admin/Case/index/mid/9/cid/140 | SQL: SELECT `modelname` FROM `m_modelconfig` WHERE id=9 LIMIT 1  [ RunTime:0.000221s ]
[ 2013-12-14T14:19:09+08:00 ] /skybroad/index.php/Admin/Case/index/mid/9/cid/140 | NOTIC: [8] Undefined variable: twocate function.php 第 536 行.
[ 2013-12-14T14:19:09+08:00 ] /skybroad/index.php/Admin/Case/index/mid/9/cid/140 | SQL: SELECT `title` FROM `m_categorys` WHERE ( `id` = '140' ) LIMIT 1  [ RunTime:0.000216s ]
[ 2013-12-14T14:19:09+08:00 ] /skybroad/index.php/Admin/Case/index/mid/9/cid/140 | SQL: SELECT `title` FROM `m_categorys` WHERE ( `id` = '140' ) LIMIT 1  [ RunTime:0.000201s ]
[ 2013-12-14T14:19:09+08:00 ] /skybroad/index.php/Admin/Case/index/mid/9/cid/140 | SQL: SELECT `title` FROM `m_categorys` WHERE ( `id` = '140' ) LIMIT 1  [ RunTime:0.000209s ]
[ 2013-12-14T14:19:09+08:00 ] /skybroad/index.php/Admin/Case/index/mid/9/cid/140 | SQL: SELECT `title` FROM `m_categorys` WHERE ( `id` = '140' ) LIMIT 1  [ RunTime:0.000206s ]
[ 2013-12-14T14:19:09+08:00 ] /skybroad/index.php/Admin/Case/index/mid/9/cid/140 | SQL: SELECT `title` FROM `m_categorys` WHERE ( `id` = '140' ) LIMIT 1  [ RunTime:0.000222s ]
[ 2013-12-14T14:19:09+08:00 ] /skybroad/index.php/Admin/Case/index/mid/9/cid/140 | SQL: SELECT `title` FROM `m_categorys` WHERE ( `id` = '140' ) LIMIT 1  [ RunTime:0.000194s ]
[ 2013-12-14T14:19:09+08:00 ] /skybroad/index.php/Admin/Case/index/mid/9/cid/140 | SQL: SELECT `title` FROM `m_categorys` WHERE ( `id` = '140' ) LIMIT 1  [ RunTime:0.000197s ]
[ 2013-12-14T14:19:09+08:00 ] /skybroad/index.php/Admin/Case/index/mid/9/cid/140 | SQL: SELECT `title` FROM `m_categorys` WHERE ( `id` = '140' ) LIMIT 1  [ RunTime:0.000201s ]
[ 2013-12-14T14:19:09+08:00 ] /skybroad/index.php/Admin/Case/index/mid/9/cid/140 | SQL: SELECT `title` FROM `m_categorys` WHERE ( `id` = '140' ) LIMIT 1  [ RunTime:0.000231s ]
[ 2013-12-14T14:19:09+08:00 ] /skybroad/index.php/Admin/Case/index/mid/9/cid/140 | SQL: SELECT `title` FROM `m_categorys` WHERE ( `id` = '140' ) LIMIT 1  [ RunTime:0.000208s ]
[ 2013-12-14T14:19:09+08:00 ] /skybroad/index.php/Admin/Case/index/mid/9/cid/140 | SQL: SELECT `title` FROM `m_categorys` WHERE ( `id` = '140' ) LIMIT 1  [ RunTime:0.000191s ]
[ 2013-12-14T14:19:09+08:00 ] /skybroad/index.php/Admin/Case/index/mid/9/cid/140 | SQL: SELECT `title` FROM `m_categorys` WHERE ( `id` = '140' ) LIMIT 1  [ RunTime:0.000181s ]
[ 2013-12-14T14:19:16+08:00 ] /skybroad/index.php/Mobile | SQL: SHOW COLUMNS FROM `m_system` [ RunTime:0.001438s ]
[ 2013-12-14T14:19:16+08:00 ] /skybroad/index.php/Mobile | SQL: SELECT * FROM `m_system` LIMIT 1  [ RunTime:0.000248s ]
[ 2013-12-14T14:19:16+08:00 ] /skybroad/index.php/Mobile | SQL: SHOW COLUMNS FROM `m_advert` [ RunTime:0.001497s ]
[ 2013-12-14T14:19:16+08:00 ] /skybroad/index.php/Mobile | SQL: SELECT * FROM `m_advert` ORDER BY id asc LIMIT 5  [ RunTime:0.000268s ]
[ 2013-12-14T14:19:17+08:00 ] /skybroad/index.php/Mobile/Ajaxload/index_advajaxload?_=1387001960155 | SQL: SHOW COLUMNS FROM `m_system` [ RunTime:0.001640s ]
[ 2013-12-14T14:19:17+08:00 ] /skybroad/index.php/Mobile/Ajaxload/index_advajaxload?_=1387001960155 | SQL: SELECT * FROM `m_system` LIMIT 1  [ RunTime:0.000264s ]
[ 2013-12-14T14:19:17+08:00 ] /skybroad/index.php/Mobile/Ajaxload/index_advajaxload?_=1387001960155 | SQL: SHOW COLUMNS FROM `m_advert` [ RunTime:0.001196s ]
[ 2013-12-14T14:19:17+08:00 ] /skybroad/index.php/Mobile/Ajaxload/index_advajaxload?_=1387001960155 | SQL: SELECT * FROM `m_advert` ORDER BY id asc LIMIT 5  [ RunTime:0.000270s ]
[ 2013-12-14T14:19:17+08:00 ] /skybroad/index.php/Mobile/Ajaxload/index_advajaxload?_=1387001960155 | NOTIC: [8] Undefined variable: str AjaxloadAction.class.php 第 65 行.
[ 2013-12-14T14:19:20+08:00 ] /skybroad/index.php/Mobile/Case | SQL: SHOW COLUMNS FROM `m_system` [ RunTime:0.001675s ]
[ 2013-12-14T14:19:20+08:00 ] /skybroad/index.php/Mobile/Case | SQL: SELECT * FROM `m_system` LIMIT 1  [ RunTime:0.000273s ]
[ 2013-12-14T14:19:20+08:00 ] /skybroad/index.php/Mobile/Case | SQL: SHOW COLUMNS FROM `m_case` [ RunTime:0.001155s ]
[ 2013-12-14T14:19:20+08:00 ] /skybroad/index.php/Mobile/Ajaxload/start_ajaxLoad | SQL: SHOW COLUMNS FROM `m_system` [ RunTime:0.001592s ]
[ 2013-12-14T14:19:20+08:00 ] /skybroad/index.php/Mobile/Ajaxload/start_ajaxLoad | SQL: SELECT * FROM `m_system` LIMIT 1  [ RunTime:0.000267s ]
[ 2013-12-14T14:19:20+08:00 ] /skybroad/index.php/Mobile/Ajaxload/start_ajaxLoad | SQL: SHOW COLUMNS FROM `m_case` [ RunTime:0.001176s ]
[ 2013-12-14T14:19:20+08:00 ] /skybroad/index.php/Mobile/Ajaxload/start_ajaxLoad | SQL: SELECT * FROM `m_case` WHERE ( category_id like '140%' ) ORDER BY id desc LIMIT 0,8  [ RunTime:0.000316s ]
[ 2013-12-14T14:19:20+08:00 ] /skybroad/index.php/Mobile/Ajaxload/start_ajaxLoad | NOTIC: [8] Undefined variable: str AjaxloadAction.class.php 第 80 行.
[ 2013-12-14T14:19:24+08:00 ] /skybroad/index.php/Mobile/Case/show/cid/140/id/43.html | SQL: SHOW COLUMNS FROM `m_system` [ RunTime:0.002269s ]
[ 2013-12-14T14:19:24+08:00 ] /skybroad/index.php/Mobile/Case/show/cid/140/id/43.html | SQL: SELECT * FROM `m_system` LIMIT 1  [ RunTime:0.000337s ]
[ 2013-12-14T14:19:24+08:00 ] /skybroad/index.php/Mobile/Case/show/cid/140/id/43.html | SQL: SHOW COLUMNS FROM `m_case` [ RunTime:0.001883s ]
[ 2013-12-14T14:19:24+08:00 ] /skybroad/index.php/Mobile/Case/show/cid/140/id/43.html | SQL: SELECT * FROM `m_case` WHERE id=43 LIMIT 1  [ RunTime:0.000283s ]
[ 2013-12-14T14:19:28+08:00 ] /skybroad/index.php/Mobile/Case | SQL: SHOW COLUMNS FROM `m_system` [ RunTime:0.001624s ]
[ 2013-12-14T14:19:28+08:00 ] /skybroad/index.php/Mobile/Case | SQL: SELECT * FROM `m_system` LIMIT 1  [ RunTime:0.000280s ]
[ 2013-12-14T14:19:28+08:00 ] /skybroad/index.php/Mobile/Case | SQL: SHOW COLUMNS FROM `m_case` [ RunTime:0.001173s ]
[ 2013-12-14T14:19:28+08:00 ] /skybroad/index.php/Mobile/Ajaxload/start_ajaxLoad | SQL: SHOW COLUMNS FROM `m_system` [ RunTime:0.001550s ]
[ 2013-12-14T14:19:28+08:00 ] /skybroad/index.php/Mobile/Ajaxload/start_ajaxLoad | SQL: SELECT * FROM `m_system` LIMIT 1  [ RunTime:0.000288s ]
[ 2013-12-14T14:19:28+08:00 ] /skybroad/index.php/Mobile/Ajaxload/start_ajaxLoad | SQL: SHOW COLUMNS FROM `m_case` [ RunTime:0.001162s ]
[ 2013-12-14T14:19:28+08:00 ] /skybroad/index.php/Mobile/Ajaxload/start_ajaxLoad | SQL: SELECT * FROM `m_case` WHERE ( category_id like '140%' ) ORDER BY id desc LIMIT 0,8  [ RunTime:0.000335s ]
[ 2013-12-14T14:19:28+08:00 ] /skybroad/index.php/Mobile/Ajaxload/start_ajaxLoad | NOTIC: [8] Undefined variable: str AjaxloadAction.class.php 第 80 行.
[ 2013-12-14T15:05:16+08:00 ] /skybroad/index.php/Mobile | SQL: SHOW COLUMNS FROM `m_system` [ RunTime:0.001802s ]
[ 2013-12-14T15:05:16+08:00 ] /skybroad/index.php/Mobile | SQL: SELECT * FROM `m_system` LIMIT 1  [ RunTime:0.000265s ]
[ 2013-12-14T15:05:16+08:00 ] /skybroad/index.php/Mobile | SQL: SHOW COLUMNS FROM `m_advert` [ RunTime:0.001354s ]
[ 2013-12-14T15:05:16+08:00 ] /skybroad/index.php/Mobile | SQL: SELECT * FROM `m_advert` ORDER BY id asc LIMIT 5  [ RunTime:0.000303s ]
[ 2013-12-14T15:05:17+08:00 ] /skybroad/index.php/Mobile/Ajaxload/index_advajaxload?_=1387004720477 | SQL: SHOW COLUMNS FROM `m_system` [ RunTime:0.001482s ]
[ 2013-12-14T15:05:17+08:00 ] /skybroad/index.php/Mobile/Ajaxload/index_advajaxload?_=1387004720477 | SQL: SELECT * FROM `m_system` LIMIT 1  [ RunTime:0.000281s ]
[ 2013-12-14T15:05:17+08:00 ] /skybroad/index.php/Mobile/Ajaxload/index_advajaxload?_=1387004720477 | SQL: SHOW COLUMNS FROM `m_advert` [ RunTime:0.001124s ]
[ 2013-12-14T15:05:17+08:00 ] /skybroad/index.php/Mobile/Ajaxload/index_advajaxload?_=1387004720477 | SQL: SELECT * FROM `m_advert` ORDER BY id asc LIMIT 5  [ RunTime:0.000279s ]
[ 2013-12-14T15:05:17+08:00 ] /skybroad/index.php/Mobile/Ajaxload/index_advajaxload?_=1387004720477 | NOTIC: [8] Undefined variable: str AjaxloadAction.class.php 第 65 行.
[ 2013-12-14T23:39:12+08:00 ] /skybroad/index.php/Mobile | SQL: SHOW COLUMNS FROM `m_system` [ RunTime:0.001759s ]
[ 2013-12-14T23:39:12+08:00 ] /skybroad/index.php/Mobile | SQL: SELECT * FROM `m_system` LIMIT 1  [ RunTime:0.000264s ]
[ 2013-12-14T23:39:12+08:00 ] /skybroad/index.php/Mobile | SQL: SHOW COLUMNS FROM `m_advert` [ RunTime:0.001384s ]
[ 2013-12-14T23:39:12+08:00 ] /skybroad/index.php/Mobile | SQL: SELECT * FROM `m_advert` ORDER BY id asc LIMIT 5  [ RunTime:0.000357s ]
[ 2013-12-14T23:39:15+08:00 ] /skybroad/index.php/Mobile/Ajaxload/index_advajaxload?_=1387035554601 | SQL: SHOW COLUMNS FROM `m_system` [ RunTime:0.001368s ]
[ 2013-12-14T23:39:15+08:00 ] /skybroad/index.php/Mobile/Ajaxload/index_advajaxload?_=1387035554601 | SQL: SELECT * FROM `m_system` LIMIT 1  [ RunTime:0.000243s ]
[ 2013-12-14T23:39:15+08:00 ] /skybroad/index.php/Mobile/Ajaxload/index_advajaxload?_=1387035554601 | SQL: SHOW COLUMNS FROM `m_advert` [ RunTime:0.001097s ]
[ 2013-12-14T23:39:15+08:00 ] /skybroad/index.php/Mobile/Ajaxload/index_advajaxload?_=1387035554601 | SQL: SELECT * FROM `m_advert` ORDER BY id asc LIMIT 5  [ RunTime:0.000259s ]
[ 2013-12-14T23:39:15+08:00 ] /skybroad/index.php/Mobile/Ajaxload/index_advajaxload?_=1387035554601 | NOTIC: [8] Undefined variable: str AjaxloadAction.class.php 第 65 行.
[ 2013-12-14T23:39:25+08:00 ] /skybroad/index.php/Mobile/Goods | SQL: SHOW COLUMNS FROM `m_system` [ RunTime:0.001583s ]
[ 2013-12-14T23:39:25+08:00 ] /skybroad/index.php/Mobile/Goods | SQL: SELECT * FROM `m_system` LIMIT 1  [ RunTime:0.000266s ]
[ 2013-12-14T23:39:25+08:00 ] /skybroad/index.php/Mobile/Goods | SQL: SHOW COLUMNS FROM `m_goods` [ RunTime:0.001385s ]
[ 2013-12-14T23:39:25+08:00 ] /skybroad/index.php/Mobile/Goods | SQL: SHOW COLUMNS FROM `m_categorys` [ RunTime:0.001078s ]
[ 2013-12-14T23:39:25+08:00 ] /skybroad/index.php/Mobile/Goods | SQL: SELECT * FROM `m_categorys` WHERE fid=120 ORDER BY id asc [ RunTime:0.000291s ]
[ 2013-12-14T23:39:31+08:00 ] /skybroad/index.php/Mobile/Goods/view/cid/12010 | SQL: SHOW COLUMNS FROM `m_system` [ RunTime:0.001450s ]
[ 2013-12-14T23:39:31+08:00 ] /skybroad/index.php/Mobile/Goods/view/cid/12010 | SQL: SELECT * FROM `m_system` LIMIT 1  [ RunTime:0.000264s ]
[ 2013-12-14T23:39:31+08:00 ] /skybroad/index.php/Mobile/Goods/view/cid/12010 | SQL: SHOW COLUMNS FROM `m_goods` [ RunTime:0.001099s ]
[ 2013-12-14T23:39:31+08:00 ] /skybroad/index.php/Mobile/Goods/view/cid/12010 | SQL: SHOW COLUMNS FROM `m_categorys` [ RunTime:0.000856s ]
[ 2013-12-14T23:39:31+08:00 ] /skybroad/index.php/Mobile/Goods/view/cid/12010 | SQL: SELECT * FROM `m_categorys` WHERE id=12010 LIMIT 1  [ RunTime:0.000236s ]
[ 2013-12-14T23:39:35+08:00 ] /skybroad/index.php/Mobile/Ajaxload/start_ajaxLoad | SQL: SHOW COLUMNS FROM `m_system` [ RunTime:0.001491s ]
[ 2013-12-14T23:39:35+08:00 ] /skybroad/index.php/Mobile/Ajaxload/start_ajaxLoad | SQL: SELECT * FROM `m_system` LIMIT 1  [ RunTime:0.000265s ]
[ 2013-12-14T23:39:35+08:00 ] /skybroad/index.php/Mobile/Ajaxload/start_ajaxLoad | SQL: SHOW COLUMNS FROM `m_goods` [ RunTime:0.001181s ]
[ 2013-12-14T23:39:35+08:00 ] /skybroad/index.php/Mobile/Ajaxload/start_ajaxLoad | SQL: SELECT * FROM `m_goods` WHERE ( category_id like '12010%' ) ORDER BY id desc LIMIT 0,8  [ RunTime:0.000394s ]
[ 2013-12-14T23:39:35+08:00 ] /skybroad/index.php/Mobile/Ajaxload/start_ajaxLoad | NOTIC: [8] Undefined variable: str AjaxloadAction.class.php 第 80 行.
[ 2013-12-14T23:39:39+08:00 ] /skybroad/index.php/Mobile/Ajaxload/ajaxload | SQL: SHOW COLUMNS FROM `m_system` [ RunTime:0.001527s ]
[ 2013-12-14T23:39:39+08:00 ] /skybroad/index.php/Mobile/Ajaxload/ajaxload | SQL: SELECT * FROM `m_system` LIMIT 1  [ RunTime:0.000269s ]
[ 2013-12-14T23:39:39+08:00 ] /skybroad/index.php/Mobile/Ajaxload/ajaxload | SQL: SHOW COLUMNS FROM `m_goods` [ RunTime:0.001139s ]
[ 2013-12-14T23:39:39+08:00 ] /skybroad/index.php/Mobile/Ajaxload/ajaxload | SQL: SELECT COUNT(*) AS tp_count FROM `m_goods` WHERE ( category_id like '12010%' ) LIMIT 1  [ RunTime:0.000282s ]
[ 2013-12-14T23:39:39+08:00 ] /skybroad/index.php/Mobile/Ajaxload/ajaxload | SQL: SELECT * FROM `m_goods` WHERE ( category_id like '12010%' ) ORDER BY id desc LIMIT 8,8  [ RunTime:0.000341s ]
[ 2013-12-14T23:39:51+08:00 ] /skybroad/index.php/Mobile/Ajaxload/ajaxload | SQL: SHOW COLUMNS FROM `m_system` [ RunTime:0.001482s ]
[ 2013-12-14T23:39:51+08:00 ] /skybroad/index.php/Mobile/Ajaxload/ajaxload | SQL: SELECT * FROM `m_system` LIMIT 1  [ RunTime:0.000254s ]
[ 2013-12-14T23:39:51+08:00 ] /skybroad/index.php/Mobile/Ajaxload/ajaxload | SQL: SHOW COLUMNS FROM `m_goods` [ RunTime:0.001079s ]
[ 2013-12-14T23:39:51+08:00 ] /skybroad/index.php/Mobile/Ajaxload/ajaxload | SQL: SELECT COUNT(*) AS tp_count FROM `m_goods` WHERE ( category_id like '12010%' ) LIMIT 1  [ RunTime:0.000262s ]
[ 2013-12-14T23:39:51+08:00 ] /skybroad/index.php/Mobile/Ajaxload/ajaxload | SQL: SELECT * FROM `m_goods` WHERE ( category_id like '12010%' ) ORDER BY id desc LIMIT 16,8  [ RunTime:0.000359s ]
[ 2013-12-14T23:39:55+08:00 ] /skybroad/index.php/Mobile/Ajaxload/ajaxload | SQL: SHOW COLUMNS FROM `m_system` [ RunTime:0.001496s ]
[ 2013-12-14T23:39:55+08:00 ] /skybroad/index.php/Mobile/Ajaxload/ajaxload | SQL: SELECT * FROM `m_system` LIMIT 1  [ RunTime:0.000257s ]
[ 2013-12-14T23:39:55+08:00 ] /skybroad/index.php/Mobile/Ajaxload/ajaxload | SQL: SHOW COLUMNS FROM `m_goods` [ RunTime:0.001120s ]
[ 2013-12-14T23:39:55+08:00 ] /skybroad/index.php/Mobile/Ajaxload/ajaxload | SQL: SELECT COUNT(*) AS tp_count FROM `m_goods` WHERE ( category_id like '12010%' ) LIMIT 1  [ RunTime:0.000274s ]
[ 2013-12-14T23:39:55+08:00 ] /skybroad/index.php/Mobile/Ajaxload/ajaxload | SQL: SELECT * FROM `m_goods` WHERE ( category_id like '12010%' ) ORDER BY id desc LIMIT 24,8  [ RunTime:0.000384s ]
[ 2013-12-14T23:40:05+08:00 ] /skybroad/index.php/Mobile | SQL: SHOW COLUMNS FROM `m_system` [ RunTime:0.001412s ]
[ 2013-12-14T23:40:05+08:00 ] /skybroad/index.php/Mobile | SQL: SELECT * FROM `m_system` LIMIT 1  [ RunTime:0.000243s ]
[ 2013-12-14T23:40:05+08:00 ] /skybroad/index.php/Mobile | SQL: SHOW COLUMNS FROM `m_advert` [ RunTime:0.001108s ]
[ 2013-12-14T23:40:05+08:00 ] /skybroad/index.php/Mobile | SQL: SELECT * FROM `m_advert` ORDER BY id asc LIMIT 5  [ RunTime:0.000263s ]
[ 2013-12-14T23:40:07+08:00 ] /skybroad/index.php/Mobile/Ajaxload/index_advajaxload?_=1387035606267 | SQL: SHOW COLUMNS FROM `m_system` [ RunTime:0.001423s ]
[ 2013-12-14T23:40:07+08:00 ] /skybroad/index.php/Mobile/Ajaxload/index_advajaxload?_=1387035606267 | SQL: SELECT * FROM `m_system` LIMIT 1  [ RunTime:0.000269s ]
[ 2013-12-14T23:40:07+08:00 ] /skybroad/index.php/Mobile/Ajaxload/index_advajaxload?_=1387035606267 | SQL: SHOW COLUMNS FROM `m_advert` [ RunTime:0.001167s ]
[ 2013-12-14T23:40:07+08:00 ] /skybroad/index.php/Mobile/Ajaxload/index_advajaxload?_=1387035606267 | SQL: SELECT * FROM `m_advert` ORDER BY id asc LIMIT 5  [ RunTime:0.000313s ]
[ 2013-12-14T23:40:07+08:00 ] /skybroad/index.php/Mobile/Ajaxload/index_advajaxload?_=1387035606267 | NOTIC: [8] Undefined variable: str AjaxloadAction.class.php 第 65 行.
[ 2013-12-14T23:40:11+08:00 ] /skybroad/index.php/Mobile/News | SQL: SHOW COLUMNS FROM `m_system` [ RunTime:0.001501s ]
[ 2013-12-14T23:40:11+08:00 ] /skybroad/index.php/Mobile/News | SQL: SELECT * FROM `m_system` LIMIT 1  [ RunTime:0.000247s ]
[ 2013-12-14T23:40:11+08:00 ] /skybroad/index.php/Mobile/News | SQL: SHOW COLUMNS FROM `m_news` [ RunTime:0.001428s ]
[ 2013-12-14T23:40:11+08:00 ] /skybroad/index.php/Mobile/News | SQL: SHOW COLUMNS FROM `m_categorys` [ RunTime:0.000875s ]
[ 2013-12-14T23:40:11+08:00 ] /skybroad/index.php/Mobile/News | SQL: SELECT * FROM `m_categorys` WHERE fid=100 ORDER BY id asc [ RunTime:0.000298s ]
[ 2013-12-14T23:40:16+08:00 ] /skybroad/index.php/Mobile/News/view/cid/10010 | SQL: SHOW COLUMNS FROM `m_system` [ RunTime:0.001465s ]
[ 2013-12-14T23:40:16+08:00 ] /skybroad/index.php/Mobile/News/view/cid/10010 | SQL: SELECT * FROM `m_system` LIMIT 1  [ RunTime:0.000245s ]
[ 2013-12-14T23:40:16+08:00 ] /skybroad/index.php/Mobile/News/view/cid/10010 | SQL: SHOW COLUMNS FROM `m_news` [ RunTime:0.001079s ]
[ 2013-12-14T23:40:16+08:00 ] /skybroad/index.php/Mobile/News/view/cid/10010 | SQL: SHOW COLUMNS FROM `m_categorys` [ RunTime:0.000845s ]
[ 2013-12-14T23:40:16+08:00 ] /skybroad/index.php/Mobile/News/view/cid/10010 | SQL: SELECT * FROM `m_categorys` WHERE id=10010 LIMIT 1  [ RunTime:0.000238s ]
[ 2013-12-14T23:40:20+08:00 ] /skybroad/index.php/Mobile/Ajaxload/start_ajaxLoad | SQL: SHOW COLUMNS FROM `m_system` [ RunTime:0.001532s ]
[ 2013-12-14T23:40:20+08:00 ] /skybroad/index.php/Mobile/Ajaxload/start_ajaxLoad | SQL: SELECT * FROM `m_system` LIMIT 1  [ RunTime:0.000263s ]
[ 2013-12-14T23:40:20+08:00 ] /skybroad/index.php/Mobile/Ajaxload/start_ajaxLoad | SQL: SHOW COLUMNS FROM `m_news` [ RunTime:0.001139s ]
[ 2013-12-14T23:40:20+08:00 ] /skybroad/index.php/Mobile/Ajaxload/start_ajaxLoad | SQL: SELECT * FROM `m_news` WHERE ( category_id like '10010%' ) ORDER BY id desc LIMIT 0,8  [ RunTime:0.000400s ]
[ 2013-12-14T23:40:20+08:00 ] /skybroad/index.php/Mobile/Ajaxload/start_ajaxLoad | NOTIC: [8] Undefined variable: str AjaxloadAction.class.php 第 88 行.
[ 2013-12-14T23:40:24+08:00 ] /skybroad/index.php/Mobile/Ajaxload/ajaxload | SQL: SHOW COLUMNS FROM `m_system` [ RunTime:0.001572s ]
[ 2013-12-14T23:40:24+08:00 ] /skybroad/index.php/Mobile/Ajaxload/ajaxload | SQL: SELECT * FROM `m_system` LIMIT 1  [ RunTime:0.000256s ]
[ 2013-12-14T23:40:24+08:00 ] /skybroad/index.php/Mobile/Ajaxload/ajaxload | SQL: SHOW COLUMNS FROM `m_news` [ RunTime:0.001106s ]
[ 2013-12-14T23:40:24+08:00 ] /skybroad/index.php/Mobile/Ajaxload/ajaxload | SQL: SELECT COUNT(*) AS tp_count FROM `m_news` WHERE ( category_id like '10010%' ) LIMIT 1  [ RunTime:0.000247s ]
[ 2013-12-14T23:40:24+08:00 ] /skybroad/index.php/Mobile/Ajaxload/ajaxload | SQL: SELECT * FROM `m_news` WHERE ( category_id like '10010%' ) ORDER BY id desc LIMIT 8,8  [ RunTime:0.000284s ]
[ 2013-12-14T23:40:28+08:00 ] /skybroad/index.php/Mobile/News/show/cid/10010/id/214.html | SQL: SHOW COLUMNS FROM `m_system` [ RunTime:0.002081s ]
[ 2013-12-14T23:40:28+08:00 ] /skybroad/index.php/Mobile/News/show/cid/10010/id/214.html | SQL: SELECT * FROM `m_system` LIMIT 1  [ RunTime:0.000342s ]
[ 2013-12-14T23:40:28+08:00 ] /skybroad/index.php/Mobile/News/show/cid/10010/id/214.html | SQL: SHOW COLUMNS FROM `m_news` [ RunTime:0.001655s ]
[ 2013-12-14T23:40:28+08:00 ] /skybroad/index.php/Mobile/News/show/cid/10010/id/214.html | SQL: SELECT * FROM `m_news` WHERE id=214 LIMIT 1  [ RunTime:0.000313s ]
[ 2013-12-14T23:40:40+08:00 ] /skybroad/index.php/Mobile/News/view/cid/10010 | SQL: SHOW COLUMNS FROM `m_system` [ RunTime:0.001675s ]
[ 2013-12-14T23:40:40+08:00 ] /skybroad/index.php/Mobile/News/view/cid/10010 | SQL: SELECT * FROM `m_system` LIMIT 1  [ RunTime:0.000277s ]
[ 2013-12-14T23:40:40+08:00 ] /skybroad/index.php/Mobile/News/view/cid/10010 | SQL: SHOW COLUMNS FROM `m_news` [ RunTime:0.001182s ]
[ 2013-12-14T23:40:40+08:00 ] /skybroad/index.php/Mobile/News/view/cid/10010 | SQL: SHOW COLUMNS FROM `m_categorys` [ RunTime:0.000872s ]
[ 2013-12-14T23:40:40+08:00 ] /skybroad/index.php/Mobile/News/view/cid/10010 | SQL: SELECT * FROM `m_categorys` WHERE id=10010 LIMIT 1  [ RunTime:0.000246s ]
[ 2013-12-14T23:40:44+08:00 ] /skybroad/index.php/Mobile/Ajaxload/start_ajaxLoad | SQL: SHOW COLUMNS FROM `m_system` [ RunTime:0.001403s ]
[ 2013-12-14T23:40:44+08:00 ] /skybroad/index.php/Mobile/Ajaxload/start_ajaxLoad | SQL: SELECT * FROM `m_system` LIMIT 1  [ RunTime:0.000240s ]
[ 2013-12-14T23:40:44+08:00 ] /skybroad/index.php/Mobile/Ajaxload/start_ajaxLoad | SQL: SHOW COLUMNS FROM `m_news` [ RunTime:0.001039s ]
[ 2013-12-14T23:40:44+08:00 ] /skybroad/index.php/Mobile/Ajaxload/start_ajaxLoad | SQL: SELECT * FROM `m_news` WHERE ( category_id like '10010%' ) ORDER BY id desc LIMIT 0,8  [ RunTime:0.000322s ]
[ 2013-12-14T23:40:44+08:00 ] /skybroad/index.php/Mobile/Ajaxload/start_ajaxLoad | NOTIC: [8] Undefined variable: str AjaxloadAction.class.php 第 88 行.
[ 2013-12-14T23:40:47+08:00 ] /skybroad/index.php/Mobile/Ajaxload/ajaxload | SQL: SHOW COLUMNS FROM `m_system` [ RunTime:0.001447s ]
[ 2013-12-14T23:40:47+08:00 ] /skybroad/index.php/Mobile/Ajaxload/ajaxload | SQL: SELECT * FROM `m_system` LIMIT 1  [ RunTime:0.000243s ]
[ 2013-12-14T23:40:47+08:00 ] /skybroad/index.php/Mobile/Ajaxload/ajaxload | SQL: SHOW COLUMNS FROM `m_news` [ RunTime:0.001102s ]
[ 2013-12-14T23:40:47+08:00 ] /skybroad/index.php/Mobile/Ajaxload/ajaxload | SQL: SELECT COUNT(*) AS tp_count FROM `m_news` WHERE ( category_id like '10010%' ) LIMIT 1  [ RunTime:0.000238s ]
[ 2013-12-14T23:40:47+08:00 ] /skybroad/index.php/Mobile/Ajaxload/ajaxload | SQL: SELECT * FROM `m_news` WHERE ( category_id like '10010%' ) ORDER BY id desc LIMIT 8,8  [ RunTime:0.000321s ]
[ 2013-12-14T23:41:04+08:00 ] /skybroad/index.php/Mobile/Message | SQL: SHOW COLUMNS FROM `m_system` [ RunTime:0.001407s ]
[ 2013-12-14T23:41:04+08:00 ] /skybroad/index.php/Mobile/Message | SQL: SELECT * FROM `m_system` LIMIT 1  [ RunTime:0.000251s ]
[ 2013-12-14T23:41:04+08:00 ] /skybroad/index.php/Mobile/Message | SQL: SHOW COLUMNS FROM `m_guestbook` [ RunTime:0.001416s ]
[ 2013-12-14T23:41:21+08:00 ] /skybroad/index.php/Mobile | SQL: SHOW COLUMNS FROM `m_system` [ RunTime:0.001623s ]
[ 2013-12-14T23:41:21+08:00 ] /skybroad/index.php/Mobile | SQL: SELECT * FROM `m_system` LIMIT 1  [ RunTime:0.000249s ]
[ 2013-12-14T23:41:21+08:00 ] /skybroad/index.php/Mobile | SQL: SHOW COLUMNS FROM `m_advert` [ RunTime:0.001176s ]
[ 2013-12-14T23:41:21+08:00 ] /skybroad/index.php/Mobile | SQL: SELECT * FROM `m_advert` ORDER BY id asc LIMIT 5  [ RunTime:0.000262s ]
[ 2013-12-14T23:41:24+08:00 ] /skybroad/index.php/Mobile/Ajaxload/index_advajaxload?_=1387035682288 | SQL: SHOW COLUMNS FROM `m_system` [ RunTime:0.001461s ]
[ 2013-12-14T23:41:24+08:00 ] /skybroad/index.php/Mobile/Ajaxload/index_advajaxload?_=1387035682288 | SQL: SELECT * FROM `m_system` LIMIT 1  [ RunTime:0.000259s ]
[ 2013-12-14T23:41:24+08:00 ] /skybroad/index.php/Mobile/Ajaxload/index_advajaxload?_=1387035682288 | SQL: SHOW COLUMNS FROM `m_advert` [ RunTime:0.001129s ]
[ 2013-12-14T23:41:24+08:00 ] /skybroad/index.php/Mobile/Ajaxload/index_advajaxload?_=1387035682288 | SQL: SELECT * FROM `m_advert` ORDER BY id asc LIMIT 5  [ RunTime:0.000272s ]
[ 2013-12-14T23:41:24+08:00 ] /skybroad/index.php/Mobile/Ajaxload/index_advajaxload?_=1387035682288 | NOTIC: [8] Undefined variable: str AjaxloadAction.class.php 第 65 行.
[ 2013-12-14T23:41:33+08:00 ] /skybroad/index.php/Mobile/Contact | SQL: SHOW COLUMNS FROM `m_system` [ RunTime:0.001385s ]
[ 2013-12-14T23:41:33+08:00 ] /skybroad/index.php/Mobile/Contact | SQL: SELECT * FROM `m_system` LIMIT 1  [ RunTime:0.000266s ]
[ 2013-12-14T23:41:33+08:00 ] /skybroad/index.php/Mobile/Contact | SQL: SHOW COLUMNS FROM `m_news` [ RunTime:0.001134s ]
[ 2013-12-14T23:41:33+08:00 ] /skybroad/index.php/Mobile/Contact | SQL: SELECT * FROM `m_news` WHERE category_id=130 LIMIT 1  [ RunTime:0.000260s ]
[ 2013-12-14T23:41:42+08:00 ] /skybroad/index.php/Mobile | SQL: SHOW COLUMNS FROM `m_system` [ RunTime:0.001459s ]
[ 2013-12-14T23:41:42+08:00 ] /skybroad/index.php/Mobile | SQL: SELECT * FROM `m_system` LIMIT 1  [ RunTime:0.000250s ]
[ 2013-12-14T23:41:42+08:00 ] /skybroad/index.php/Mobile | SQL: SHOW COLUMNS FROM `m_advert` [ RunTime:0.001084s ]
[ 2013-12-14T23:41:42+08:00 ] /skybroad/index.php/Mobile | SQL: SELECT * FROM `m_advert` ORDER BY id asc LIMIT 5  [ RunTime:0.000269s ]
[ 2013-12-14T23:41:46+08:00 ] /skybroad/index.php/Mobile/Ajaxload/index_advajaxload?_=1387035703814 | SQL: SHOW COLUMNS FROM `m_system` [ RunTime:0.001420s ]
[ 2013-12-14T23:41:46+08:00 ] /skybroad/index.php/Mobile/Ajaxload/index_advajaxload?_=1387035703814 | SQL: SELECT * FROM `m_system` LIMIT 1  [ RunTime:0.000245s ]
[ 2013-12-14T23:41:46+08:00 ] /skybroad/index.php/Mobile/Ajaxload/index_advajaxload?_=1387035703814 | SQL: SHOW COLUMNS FROM `m_advert` [ RunTime:0.001153s ]
[ 2013-12-14T23:41:46+08:00 ] /skybroad/index.php/Mobile/Ajaxload/index_advajaxload?_=1387035703814 | SQL: SELECT * FROM `m_advert` ORDER BY id asc LIMIT 5  [ RunTime:0.000265s ]
[ 2013-12-14T23:41:46+08:00 ] /skybroad/index.php/Mobile/Ajaxload/index_advajaxload?_=1387035703814 | NOTIC: [8] Undefined variable: str AjaxloadAction.class.php 第 65 行.
[ 2013-12-14T23:42:46+08:00 ] /skybroad/index.php/Mobile/Message | SQL: SHOW COLUMNS FROM `m_system` [ RunTime:0.001480s ]
[ 2013-12-14T23:42:46+08:00 ] /skybroad/index.php/Mobile/Message | SQL: SELECT * FROM `m_system` LIMIT 1  [ RunTime:0.000249s ]
[ 2013-12-14T23:42:46+08:00 ] /skybroad/index.php/Mobile/Message | SQL: SHOW COLUMNS FROM `m_guestbook` [ RunTime:0.001034s ]
[ 2013-12-14T23:43:01+08:00 ] /skybroad/index.php/Mobile | SQL: SHOW COLUMNS FROM `m_system` [ RunTime:0.001435s ]
[ 2013-12-14T23:43:01+08:00 ] /skybroad/index.php/Mobile | SQL: SELECT * FROM `m_system` LIMIT 1  [ RunTime:0.000243s ]
[ 2013-12-14T23:43:01+08:00 ] /skybroad/index.php/Mobile | SQL: SHOW COLUMNS FROM `m_advert` [ RunTime:0.001121s ]
[ 2013-12-14T23:43:01+08:00 ] /skybroad/index.php/Mobile | SQL: SELECT * FROM `m_advert` ORDER BY id asc LIMIT 5  [ RunTime:0.000264s ]
[ 2013-12-14T23:43:03+08:00 ] /skybroad/index.php/Mobile/Ajaxload/index_advajaxload?_=1387035782969 | SQL: SHOW COLUMNS FROM `m_system` [ RunTime:0.001472s ]
[ 2013-12-14T23:43:03+08:00 ] /skybroad/index.php/Mobile/Ajaxload/index_advajaxload?_=1387035782969 | SQL: SELECT * FROM `m_system` LIMIT 1  [ RunTime:0.000257s ]
[ 2013-12-14T23:43:03+08:00 ] /skybroad/index.php/Mobile/Ajaxload/index_advajaxload?_=1387035782969 | SQL: SHOW COLUMNS FROM `m_advert` [ RunTime:0.001150s ]
[ 2013-12-14T23:43:03+08:00 ] /skybroad/index.php/Mobile/Ajaxload/index_advajaxload?_=1387035782969 | SQL: SELECT * FROM `m_advert` ORDER BY id asc LIMIT 5  [ RunTime:0.000278s ]
[ 2013-12-14T23:43:03+08:00 ] /skybroad/index.php/Mobile/Ajaxload/index_advajaxload?_=1387035782969 | NOTIC: [8] Undefined variable: str AjaxloadAction.class.php 第 65 行.
